23:53:56.1497+02:00 - INFO  - App.OnStartup - Begin Flow Launcher startup ----------------------------------------------------
23:53:56.1497+02:00 - INFO  - App.OnStartup - Runtime info:
Flow Launcher version: 1.15.0
OS Version: 19045.3448
IntPtr Length: 8
x64: True
23:53:56.6116+02:00 - FATAL - UnHandledException - 
## Exception

```
System.UnauthorizedAccessException: Access to the path 'C:\ProgramData\scoop\apps\flow-launcher\current\app-1.15.0\UserData\Cache\Image.cache' is denied.
   Source: System.Private.CoreLib
   TargetAssembly: System.Private.CoreLib, Version=7.0.0.0, Culture=neutral, PublicKeyToken=7cec85d7bea7798e
   TargetModule: System.Private.CoreLib.dll
   TargetSite: Microsoft.Win32.SafeHandles.SafeFileHandle CreateFile(System.String, System.IO.FileMode, System.IO.FileAccess, System.IO.FileShare, System.IO.FileOptions)
   at Microsoft.Win32.SafeHandles.SafeFileHandle.CreateFile(String fullPath, FileMode mode, FileAccess access, FileShare share, FileOptions options)
   at Microsoft.Win32.SafeHandles.SafeFileHandle.Open(String fullPath, FileMode mode, FileAccess access, FileShare share, FileOptions options, Int64 preallocationSize, Nullable`1 unixCreateMode)
   at System.IO.Strategies.OSFileStreamStrategy..ctor(String path, FileMode mode, FileAccess access, FileShare share, FileOptions options, Int64 preallocationSize, Nullable`1 unixCreateMode)
   at System.IO.Strategies.FileStreamHelpers.ChooseStrategyCore(String path, FileMode mode, FileAccess access, FileShare share, FileOptions options, Int64 preallocationSize, Nullable`1 unixCreateMode)
   at System.IO.FileStream..ctor(String path, FileMode mode)
   at Flow.Launcher.Infrastructure.Storage.BinaryStorage`1.TryLoad(T defaultData) in C:\projects\flow-launcher\Flow.Launcher.Infrastructure\Storage\BinaryStorage.cs:line 42
   at Flow.Launcher.Infrastructure.Image.ImageLoader.LoadStorageToConcurrentDictionary() in C:\projects\flow-launcher\Flow.Launcher.Infrastructure\Image\ImageLoader.cs:line 83
   at Flow.Launcher.Infrastructure.Image.ImageLoader.Initialize() in C:\projects\flow-launcher\Flow.Launcher.Infrastructure\Image\ImageLoader.cs:line 41
   at Flow.Launcher.App.<OnStartupAsync>b__14_0() in C:\projects\flow-launcher\Flow.Launcher\App.xaml.cs:line 61
   at Flow.Launcher.Infrastructure.Stopwatch.NormalAsync(String message, Func`1 action) in C:\projects\flow-launcher\Flow.Launcher.Infrastructure\Stopwatch.cs:line 58
   at Flow.Launcher.App.OnStartupAsync(Object sender, StartupEventArgs e) in C:\projects\flow-launcher\Flow.Launcher\App.xaml.cs:line 52
   at System.Threading.Tasks.Task.<>c.<ThrowAsync>b__128_0(Object state)
   at System.Windows.Threading.ExceptionWrapper.InternalRealCall(Delegate callback, Object args, Int32 numArgs)
   at System.Windows.Threading.ExceptionWrapper.TryCatchWhen(Object source, Delegate callback, Object args, Int32 numArgs, Delegate catchHandler)

```

## Environment
* Command Line: C:\ProgramData\scoop\apps\flow-launcher\current\app-1.15.0\Flow.Launcher.dll
* Timestamp: 09/18/2023 23:53:56
* Flow Launcher version: 1.15.0
* OS Version: 19045.3448
* IntPtr Length: 8
* x64: True
* Python Path: 
* Node Path: 
* CLR Version: 7.0.5
* Installed .NET Framework: 
   * v2.0.50727 2.0.50727.4927 SP2
   * v3.0 3.0.30729.4926 SP2
   * v3.5 3.5.30729.4926 SP1
   * v4 Client 4.8.09037
   * v4 Full 4.8.09037
   * v4.0 Client 4.0.0.0

## Assemblies - Flow.Launcher

* System.Private.CoreLib, Version=7.0.0.0, Culture=neutral, PublicKeyToken=7cec85d7bea7798e (C:\ProgramData\scoop\apps\flow-launcher\current\app-1.15.0\System.Private.CoreLib.dll)
* Flow.Launcher, Version=1.15.0.0, Culture=neutral, PublicKeyToken=null (C:\ProgramData\scoop\apps\flow-launcher\current\app-1.15.0\Flow.Launcher.dll)
* PresentationFramework, Version=7.0.0.0, Culture=neutral, PublicKeyToken=31bf3856ad364e35 (C:\ProgramData\scoop\apps\flow-launcher\current\app-1.15.0\PresentationFramework.dll)
* WindowsBase, Version=7.0.0.0, Culture=neutral, PublicKeyToken=31bf3856ad364e35 (C:\ProgramData\scoop\apps\flow-launcher\current\app-1.15.0\WindowsBase.dll)
* System.Runtime, Version=7.0.0.0, Culture=neutral, PublicKeyToken=b03f5f7f11d50a3a (C:\ProgramData\scoop\apps\flow-launcher\current\app-1.15.0\System.Runtime.dll)
* System.Xaml, Version=7.0.0.0, Culture=neutral, PublicKeyToken=b77a5c561934e089 (C:\ProgramData\scoop\apps\flow-launcher\current\app-1.15.0\System.Xaml.dll)
* System.Threading, Version=7.0.0.0, Culture=neutral, PublicKeyToken=b03f5f7f11d50a3a (C:\ProgramData\scoop\apps\flow-launcher\current\app-1.15.0\System.Threading.dll)
* System.IO.Pipes, Version=7.0.0.0, Culture=neutral, PublicKeyToken=b03f5f7f11d50a3a (C:\ProgramData\scoop\apps\flow-launcher\current\app-1.15.0\System.IO.Pipes.dll)
* System.Security.AccessControl, Version=7.0.0.0, Culture=neutral, PublicKeyToken=b03f5f7f11d50a3a (C:\ProgramData\scoop\apps\flow-launcher\current\app-1.15.0\System.Security.AccessControl.dll)
* System.Security.Principal.Windows, Version=7.0.0.0, Culture=neutral, PublicKeyToken=b03f5f7f11d50a3a (C:\ProgramData\scoop\apps\flow-launcher\current\app-1.15.0\System.Security.Principal.Windows.dll)
* System.Runtime.InteropServices, Version=7.0.0.0, Culture=neutral, PublicKeyToken=b03f5f7f11d50a3a (C:\ProgramData\scoop\apps\flow-launcher\current\app-1.15.0\System.Runtime.InteropServices.dll)
* System.Threading.ThreadPool, Version=7.0.0.0, Culture=neutral, PublicKeyToken=b03f5f7f11d50a3a (C:\ProgramData\scoop\apps\flow-launcher\current\app-1.15.0\System.Threading.ThreadPool.dll)
* System.Configuration.ConfigurationManager, Version=7.0.0.0, Culture=neutral, PublicKeyToken=cc7b13ffcd2ddd51 (C:\ProgramData\scoop\apps\flow-launcher\current\app-1.15.0\System.Configuration.ConfigurationManager.dll)
* System.ObjectModel, Version=7.0.0.0, Culture=neutral, PublicKeyToken=b03f5f7f11d50a3a (C:\ProgramData\scoop\apps\flow-launcher\current\app-1.15.0\System.ObjectModel.dll)
* Flow.Launcher.Core, Version=1.15.0.0, Culture=neutral, PublicKeyToken=null (C:\ProgramData\scoop\apps\flow-launcher\current\app-1.15.0\Flow.Launcher.Core.dll)
* Flow.Launcher.Infrastructure, Version=1.15.0.0, Culture=neutral, PublicKeyToken=null (C:\ProgramData\scoop\apps\flow-launcher\current\app-1.15.0\Flow.Launcher.Infrastructure.dll)
* System.Collections, Version=7.0.0.0, Culture=neutral, PublicKeyToken=b03f5f7f11d50a3a (C:\ProgramData\scoop\apps\flow-launcher\current\app-1.15.0\System.Collections.dll)
* System.ComponentModel.Primitives, Version=7.0.0.0, Culture=neutral, PublicKeyToken=b03f5f7f11d50a3a (C:\ProgramData\scoop\apps\flow-launcher\current\app-1.15.0\System.ComponentModel.Primitives.dll)
* System.Private.Uri, Version=7.0.0.0, Culture=neutral, PublicKeyToken=b03f5f7f11d50a3a (C:\ProgramData\scoop\apps\flow-launcher\current\app-1.15.0\System.Private.Uri.dll)
* PresentationCore, Version=7.0.0.0, Culture=neutral, PublicKeyToken=31bf3856ad364e35 (C:\ProgramData\scoop\apps\flow-launcher\current\app-1.15.0\PresentationCore.dll)
* System.Security.Cryptography, Version=7.0.0.0, Culture=neutral, PublicKeyToken=b03f5f7f11d50a3a (C:\ProgramData\scoop\apps\flow-launcher\current\app-1.15.0\System.Security.Cryptography.dll)
* System.Collections.Concurrent, Version=7.0.0.0, Culture=neutral, PublicKeyToken=b03f5f7f11d50a3a (C:\ProgramData\scoop\apps\flow-launcher\current\app-1.15.0\System.Collections.Concurrent.dll)
* System.Memory, Version=7.0.0.0, Culture=neutral, PublicKeyToken=cc7b13ffcd2ddd51 (C:\ProgramData\scoop\apps\flow-launcher\current\app-1.15.0\System.Memory.dll)
* System.ComponentModel.TypeConverter, Version=7.0.0.0, Culture=neutral, PublicKeyToken=b03f5f7f11d50a3a (C:\ProgramData\scoop\apps\flow-launcher\current\app-1.15.0\System.ComponentModel.TypeConverter.dll)
* System.Xml.ReaderWriter, Version=7.0.0.0, Culture=neutral, PublicKeyToken=b03f5f7f11d50a3a (C:\ProgramData\scoop\apps\flow-launcher\current\app-1.15.0\System.Xml.ReaderWriter.dll)
* System.Private.Xml, Version=7.0.0.0, Culture=neutral, PublicKeyToken=cc7b13ffcd2ddd51 (C:\ProgramData\scoop\apps\flow-launcher\current\app-1.15.0\System.Private.Xml.dll)
* System.Collections.Specialized, Version=7.0.0.0, Culture=neutral, PublicKeyToken=b03f5f7f11d50a3a (C:\ProgramData\scoop\apps\flow-launcher\current\app-1.15.0\System.Collections.Specialized.dll)
* System.Net.WebClient, Version=7.0.0.0, Culture=neutral, PublicKeyToken=cc7b13ffcd2ddd51 (C:\ProgramData\scoop\apps\flow-launcher\current\app-1.15.0\System.Net.WebClient.dll)
* System.ComponentModel.EventBasedAsync, Version=7.0.0.0, Culture=neutral, PublicKeyToken=b03f5f7f11d50a3a (C:\ProgramData\scoop\apps\flow-launcher\current\app-1.15.0\System.ComponentModel.EventBasedAsync.dll)
* System.Text.Encoding.Extensions, Version=7.0.0.0, Culture=neutral, PublicKeyToken=b03f5f7f11d50a3a (C:\ProgramData\scoop\apps\flow-launcher\current\app-1.15.0\System.Text.Encoding.Extensions.dll)
* System.Threading.Thread, Version=7.0.0.0, Culture=neutral, PublicKeyToken=b03f5f7f11d50a3a (C:\ProgramData\scoop\apps\flow-launcher\current\app-1.15.0\System.Threading.Thread.dll)
* System.Runtime.Serialization.Formatters, Version=7.0.0.0, Culture=neutral, PublicKeyToken=b03f5f7f11d50a3a (C:\ProgramData\scoop\apps\flow-launcher\current\app-1.15.0\System.Runtime.Serialization.Formatters.dll)
* System.Xml.XmlSerializer, Version=7.0.0.0, Culture=neutral, PublicKeyToken=b03f5f7f11d50a3a (C:\ProgramData\scoop\apps\flow-launcher\current\app-1.15.0\System.Xml.XmlSerializer.dll)
* System.IO.Packaging, Version=7.0.0.0, Culture=neutral, PublicKeyToken=b03f5f7f11d50a3a (C:\ProgramData\scoop\apps\flow-launcher\current\app-1.15.0\System.IO.Packaging.dll)
* DirectWriteForwarder, Version=7.0.0.0, Culture=neutral, PublicKeyToken=31bf3856ad364e35 (C:\ProgramData\scoop\apps\flow-launcher\current\app-1.15.0\DirectWriteForwarder.dll)
* System.Runtime.Extensions, Version=7.0.0.0, Culture=neutral, PublicKeyToken=b03f5f7f11d50a3a (C:\ProgramData\scoop\apps\flow-launcher\current\app-1.15.0\System.Runtime.Extensions.dll)
* System.Diagnostics.Debug, Version=7.0.0.0, Culture=neutral, PublicKeyToken=b03f5f7f11d50a3a (C:\ProgramData\scoop\apps\flow-launcher\current\app-1.15.0\System.Diagnostics.Debug.dll)
* System.Runtime.CompilerServices.VisualC, Version=7.0.0.0, Culture=neutral, PublicKeyToken=b03f5f7f11d50a3a (C:\ProgramData\scoop\apps\flow-launcher\current\app-1.15.0\System.Runtime.CompilerServices.VisualC.dll)
* Microsoft.Win32.Primitives, Version=7.0.0.0, Culture=neutral, PublicKeyToken=b03f5f7f11d50a3a (C:\ProgramData\scoop\apps\flow-launcher\current\app-1.15.0\Microsoft.Win32.Primitives.dll)
* System.Collections.NonGeneric, Version=7.0.0.0, Culture=neutral, PublicKeyToken=b03f5f7f11d50a3a (C:\ProgramData\scoop\apps\flow-launcher\current\app-1.15.0\System.Collections.NonGeneric.dll)
* Microsoft.Win32.Registry, Version=7.0.0.0, Culture=neutral, PublicKeyToken=b03f5f7f11d50a3a (C:\ProgramData\scoop\apps\flow-launcher\current\app-1.15.0\Microsoft.Win32.Registry.dll)
* System.Linq, Version=7.0.0.0, Culture=neutral, PublicKeyToken=b03f5f7f11d50a3a (C:\ProgramData\scoop\apps\flow-launcher\current\app-1.15.0\System.Linq.dll)
* System.Diagnostics.TraceSource, Version=7.0.0.0, Culture=neutral, PublicKeyToken=b03f5f7f11d50a3a (C:\ProgramData\scoop\apps\flow-launcher\current\app-1.15.0\System.Diagnostics.TraceSource.dll)
* System.Windows.Extensions, Version=7.0.0.0, Culture=neutral, PublicKeyToken=cc7b13ffcd2ddd51 (C:\ProgramData\scoop\apps\flow-launcher\current\app-1.15.0\System.Windows.Extensions.dll)
* System.ComponentModel, Version=7.0.0.0, Culture=neutral, PublicKeyToken=b03f5f7f11d50a3a (C:\ProgramData\scoop\apps\flow-launcher\current\app-1.15.0\System.ComponentModel.dll)
* ModernWpf, Version=0.9.4.0, Culture=neutral, PublicKeyToken=null (C:\ProgramData\scoop\apps\flow-launcher\current\app-1.15.0\ModernWpf.dll)
* System.Net.Requests, Version=7.0.0.0, Culture=neutral, PublicKeyToken=b03f5f7f11d50a3a (C:\ProgramData\scoop\apps\flow-launcher\current\app-1.15.0\System.Net.Requests.dll)
* System.Net.Primitives, Version=7.0.0.0, Culture=neutral, PublicKeyToken=b03f5f7f11d50a3a (C:\ProgramData\scoop\apps\flow-launcher\current\app-1.15.0\System.Net.Primitives.dll)
* System.Net.WebHeaderCollection, Version=7.0.0.0, Culture=neutral, PublicKeyToken=b03f5f7f11d50a3a (C:\ProgramData\scoop\apps\flow-launcher\current\app-1.15.0\System.Net.WebHeaderCollection.dll)
* System.Runtime.Loader, Version=7.0.0.0, Culture=neutral, PublicKeyToken=b03f5f7f11d50a3a (C:\ProgramData\scoop\apps\flow-launcher\current\app-1.15.0\System.Runtime.Loader.dll)
* Microsoft.Windows.SDK.NET, Version=10.0.19041.24, Culture=neutral, PublicKeyToken=31bf3856ad364e35 (C:\ProgramData\scoop\apps\flow-launcher\current\app-1.15.0\Microsoft.Windows.SDK.NET.dll)
* WinRT.Runtime, Version=2.0.0.0, Culture=neutral, PublicKeyToken=99ea127f02d97709 (C:\ProgramData\scoop\apps\flow-launcher\current\app-1.15.0\WinRT.Runtime.dll)
* Microsoft.Win32.SystemEvents, Version=7.0.0.0, Culture=neutral, PublicKeyToken=cc7b13ffcd2ddd51 (C:\ProgramData\scoop\apps\flow-launcher\current\app-1.15.0\Microsoft.Win32.SystemEvents.dll)
* System.Runtime.CompilerServices.Unsafe, Version=7.0.0.0, Culture=neutral, PublicKeyToken=b03f5f7f11d50a3a (C:\ProgramData\scoop\apps\flow-launcher\current\app-1.15.0\System.Runtime.CompilerServices.Unsafe.dll)
* System.Linq.Expressions, Version=7.0.0.0, Culture=neutral, PublicKeyToken=b03f5f7f11d50a3a (C:\ProgramData\scoop\apps\flow-launcher\current\app-1.15.0\System.Linq.Expressions.dll)
* System.Security.Cryptography.Algorithms, Version=7.0.0.0, Culture=neutral, PublicKeyToken=b03f5f7f11d50a3a (C:\ProgramData\scoop\apps\flow-launcher\current\app-1.15.0\System.Security.Cryptography.Algorithms.dll)
* System.Numerics.Vectors, Version=7.0.0.0, Culture=neutral, PublicKeyToken=b03f5f7f11d50a3a (C:\ProgramData\scoop\apps\flow-launcher\current\app-1.15.0\System.Numerics.Vectors.dll)
* System.Reflection.Emit, Version=7.0.0.0, Culture=neutral, PublicKeyToken=b03f5f7f11d50a3a (C:\ProgramData\scoop\apps\flow-launcher\current\app-1.15.0\System.Reflection.Emit.dll)
* Snippets, Version=0.0.0.0, Culture=neutral, PublicKeyToken=null (dynamic assembly doesn't has location)
* System.Security.Cryptography.Csp, Version=7.0.0.0, Culture=neutral, PublicKeyToken=b03f5f7f11d50a3a (C:\ProgramData\scoop\apps\flow-launcher\current\app-1.15.0\System.Security.Cryptography.Csp.dll)
* System.Security.Cryptography.Primitives, Version=7.0.0.0, Culture=neutral, PublicKeyToken=b03f5f7f11d50a3a (C:\ProgramData\scoop\apps\flow-launcher\current\app-1.15.0\System.Security.Cryptography.Primitives.dll)
* UIAutomationTypes, Version=7.0.0.0, Culture=neutral, PublicKeyToken=31bf3856ad364e35 (C:\ProgramData\scoop\apps\flow-launcher\current\app-1.15.0\UIAutomationTypes.dll)
* System.Diagnostics.Process, Version=7.0.0.0, Culture=neutral, PublicKeyToken=b03f5f7f11d50a3a (C:\ProgramData\scoop\apps\flow-launcher\current\app-1.15.0\System.Diagnostics.Process.dll)
* PresentationFramework.Aero2, Version=7.0.0.0, Culture=neutral, PublicKeyToken=31bf3856ad364e35 (C:\ProgramData\scoop\apps\flow-launcher\current\app-1.15.0\PresentationFramework.Aero2.dll)
* ModernWpf.Controls, Version=0.9.4.0, Culture=neutral, PublicKeyToken=null (C:\ProgramData\scoop\apps\flow-launcher\current\app-1.15.0\ModernWpf.Controls.dll)
* mscorlib, Version=4.0.0.0, Culture=neutral, PublicKeyToken=b77a5c561934e089 (C:\ProgramData\scoop\apps\flow-launcher\current\app-1.15.0\mscorlib.dll)
* Flow.Launcher.Plugin, Version=0.0.0.0, Culture=neutral, PublicKeyToken=null (C:\ProgramData\scoop\apps\flow-launcher\current\app-1.15.0\Flow.Launcher.Plugin.dll)
* System.Text.Encoding.CodePages, Version=7.0.0.0, Culture=neutral, PublicKeyToken=b03f5f7f11d50a3a (C:\ProgramData\scoop\apps\flow-launcher\current\app-1.15.0\System.Text.Encoding.CodePages.dll)
* System.Text.Json, Version=7.0.0.0, Culture=neutral, PublicKeyToken=cc7b13ffcd2ddd51 (C:\ProgramData\scoop\apps\flow-launcher\current\app-1.15.0\System.Text.Json.dll)
* NLog, Version=4.0.0.0, Culture=neutral, PublicKeyToken=5120e14c03d0593c (C:\ProgramData\scoop\apps\flow-launcher\current\app-1.15.0\NLog.dll)
* netstandard, Version=2.1.0.0, Culture=neutral, PublicKeyToken=cc7b13ffcd2ddd51 (C:\ProgramData\scoop\apps\flow-launcher\current\app-1.15.0\netstandard.dll)
* System.Diagnostics.FileVersionInfo, Version=7.0.0.0, Culture=neutral, PublicKeyToken=b03f5f7f11d50a3a (C:\ProgramData\scoop\apps\flow-launcher\current\app-1.15.0\System.Diagnostics.FileVersionInfo.dll)
* System.IO.FileSystem.Watcher, Version=7.0.0.0, Culture=neutral, PublicKeyToken=b03f5f7f11d50a3a (C:\ProgramData\scoop\apps\flow-launcher\current\app-1.15.0\System.IO.FileSystem.Watcher.dll)
* System.Data.Common, Version=7.0.0.0, Culture=neutral, PublicKeyToken=b03f5f7f11d50a3a (C:\ProgramData\scoop\apps\flow-launcher\current\app-1.15.0\System.Data.Common.dll)
* System.Net.Mail, Version=7.0.0.0, Culture=neutral, PublicKeyToken=cc7b13ffcd2ddd51 (C:\ProgramData\scoop\apps\flow-launcher\current\app-1.15.0\System.Net.Mail.dll)
* System.Net.Sockets, Version=7.0.0.0, Culture=neutral, PublicKeyToken=b03f5f7f11d50a3a (C:\ProgramData\scoop\apps\flow-launcher\current\app-1.15.0\System.Net.Sockets.dll)
* NLog.Extensions.Logging, Version=1.0.0.0, Culture=neutral, PublicKeyToken=5120e14c03d0593c (C:\ProgramData\scoop\apps\flow-launcher\current\app-1.15.0\NLog.Extensions.Logging.dll)
* Microsoft.Extensions.Logging.Abstractions, Version=7.0.0.0, Culture=neutral, PublicKeyToken=adb9793829ddae60 (C:\ProgramData\scoop\apps\flow-launcher\current\app-1.15.0\Microsoft.Extensions.Logging.Abstractions.dll)
* Microsoft.Extensions.Logging, Version=7.0.0.0, Culture=neutral, PublicKeyToken=adb9793829ddae60 (C:\ProgramData\scoop\apps\flow-launcher\current\app-1.15.0\Microsoft.Extensions.Logging.dll)
* NLog.Web.AspNetCore, Version=4.0.0.0, Culture=neutral, PublicKeyToken=5120e14c03d0593c (C:\ProgramData\scoop\apps\flow-launcher\current\app-1.15.0\NLog.Web.AspNetCore.dll)
* System.Diagnostics.StackTrace, Version=7.0.0.0, Culture=neutral, PublicKeyToken=b03f5f7f11d50a3a (C:\ProgramData\scoop\apps\flow-launcher\current\app-1.15.0\System.Diagnostics.StackTrace.dll)
* System.Reflection.Metadata, Version=7.0.0.0, Culture=neutral, PublicKeyToken=b03f5f7f11d50a3a (C:\ProgramData\scoop\apps\flow-launcher\current\app-1.15.0\System.Reflection.Metadata.dll)
* System.Collections.Immutable, Version=7.0.0.0, Culture=neutral, PublicKeyToken=b03f5f7f11d50a3a (C:\ProgramData\scoop\apps\flow-launcher\current\app-1.15.0\System.Collections.Immutable.dll)
* System.IO.MemoryMappedFiles, Version=7.0.0.0, Culture=neutral, PublicKeyToken=b03f5f7f11d50a3a (C:\ProgramData\scoop\apps\flow-launcher\current\app-1.15.0\System.IO.MemoryMappedFiles.dll)

23:54:01.8550+02:00 - FATAL - UnHandledException - 
## Exception

```
System.NullReferenceException: Object reference not set to an instance of an object.
   Source: Flow.Launcher
   TargetAssembly: Flow.Launcher, Version=1.15.0.0, Culture=neutral, PublicKeyToken=null
   TargetModule: Flow.Launcher.dll
   TargetSite: Void Dispose()
   at Flow.Launcher.App.Dispose() in C:\projects\flow-launcher\Flow.Launcher\App.xaml.cs:line 180
   at Flow.Launcher.App.Main() in C:\projects\flow-launcher\Flow.Launcher\App.xaml.cs:line 46

```

## Environment
* Command Line: C:\ProgramData\scoop\apps\flow-launcher\current\app-1.15.0\Flow.Launcher.dll
* Timestamp: 09/18/2023 23:54:01
* Flow Launcher version: 1.15.0
* OS Version: 19045.3448
* IntPtr Length: 8
* x64: True
* Python Path: 
* Node Path: 
* CLR Version: 7.0.5
* Installed .NET Framework: 
   * v2.0.50727 2.0.50727.4927 SP2
   * v3.0 3.0.30729.4926 SP2
   * v3.5 3.5.30729.4926 SP1
   * v4 Client 4.8.09037
   * v4 Full 4.8.09037
   * v4.0 Client 4.0.0.0

## Assemblies - Flow.Launcher

* System.Private.CoreLib, Version=7.0.0.0, Culture=neutral, PublicKeyToken=7cec85d7bea7798e (C:\ProgramData\scoop\apps\flow-launcher\current\app-1.15.0\System.Private.CoreLib.dll)
* Flow.Launcher, Version=1.15.0.0, Culture=neutral, PublicKeyToken=null (C:\ProgramData\scoop\apps\flow-launcher\current\app-1.15.0\Flow.Launcher.dll)
* PresentationFramework, Version=7.0.0.0, Culture=neutral, PublicKeyToken=31bf3856ad364e35 (C:\ProgramData\scoop\apps\flow-launcher\current\app-1.15.0\PresentationFramework.dll)
* WindowsBase, Version=7.0.0.0, Culture=neutral, PublicKeyToken=31bf3856ad364e35 (C:\ProgramData\scoop\apps\flow-launcher\current\app-1.15.0\WindowsBase.dll)
* System.Runtime, Version=7.0.0.0, Culture=neutral, PublicKeyToken=b03f5f7f11d50a3a (C:\ProgramData\scoop\apps\flow-launcher\current\app-1.15.0\System.Runtime.dll)
* System.Xaml, Version=7.0.0.0, Culture=neutral, PublicKeyToken=b77a5c561934e089 (C:\ProgramData\scoop\apps\flow-launcher\current\app-1.15.0\System.Xaml.dll)
* System.Threading, Version=7.0.0.0, Culture=neutral, PublicKeyToken=b03f5f7f11d50a3a (C:\ProgramData\scoop\apps\flow-launcher\current\app-1.15.0\System.Threading.dll)
* System.IO.Pipes, Version=7.0.0.0, Culture=neutral, PublicKeyToken=b03f5f7f11d50a3a (C:\ProgramData\scoop\apps\flow-launcher\current\app-1.15.0\System.IO.Pipes.dll)
* System.Security.AccessControl, Version=7.0.0.0, Culture=neutral, PublicKeyToken=b03f5f7f11d50a3a (C:\ProgramData\scoop\apps\flow-launcher\current\app-1.15.0\System.Security.AccessControl.dll)
* System.Security.Principal.Windows, Version=7.0.0.0, Culture=neutral, PublicKeyToken=b03f5f7f11d50a3a (C:\ProgramData\scoop\apps\flow-launcher\current\app-1.15.0\System.Security.Principal.Windows.dll)
* System.Runtime.InteropServices, Version=7.0.0.0, Culture=neutral, PublicKeyToken=b03f5f7f11d50a3a (C:\ProgramData\scoop\apps\flow-launcher\current\app-1.15.0\System.Runtime.InteropServices.dll)
* System.Threading.ThreadPool, Version=7.0.0.0, Culture=neutral, PublicKeyToken=b03f5f7f11d50a3a (C:\ProgramData\scoop\apps\flow-launcher\current\app-1.15.0\System.Threading.ThreadPool.dll)
* System.Configuration.ConfigurationManager, Version=7.0.0.0, Culture=neutral, PublicKeyToken=cc7b13ffcd2ddd51 (C:\ProgramData\scoop\apps\flow-launcher\current\app-1.15.0\System.Configuration.ConfigurationManager.dll)
* System.ObjectModel, Version=7.0.0.0, Culture=neutral, PublicKeyToken=b03f5f7f11d50a3a (C:\ProgramData\scoop\apps\flow-launcher\current\app-1.15.0\System.ObjectModel.dll)
* Flow.Launcher.Core, Version=1.15.0.0, Culture=neutral, PublicKeyToken=null (C:\ProgramData\scoop\apps\flow-launcher\current\app-1.15.0\Flow.Launcher.Core.dll)
* Flow.Launcher.Infrastructure, Version=1.15.0.0, Culture=neutral, PublicKeyToken=null (C:\ProgramData\scoop\apps\flow-launcher\current\app-1.15.0\Flow.Launcher.Infrastructure.dll)
* System.Collections, Version=7.0.0.0, Culture=neutral, PublicKeyToken=b03f5f7f11d50a3a (C:\ProgramData\scoop\apps\flow-launcher\current\app-1.15.0\System.Collections.dll)
* System.ComponentModel.Primitives, Version=7.0.0.0, Culture=neutral, PublicKeyToken=b03f5f7f11d50a3a (C:\ProgramData\scoop\apps\flow-launcher\current\app-1.15.0\System.ComponentModel.Primitives.dll)
* System.Private.Uri, Version=7.0.0.0, Culture=neutral, PublicKeyToken=b03f5f7f11d50a3a (C:\ProgramData\scoop\apps\flow-launcher\current\app-1.15.0\System.Private.Uri.dll)
* PresentationCore, Version=7.0.0.0, Culture=neutral, PublicKeyToken=31bf3856ad364e35 (C:\ProgramData\scoop\apps\flow-launcher\current\app-1.15.0\PresentationCore.dll)
* System.Security.Cryptography, Version=7.0.0.0, Culture=neutral, PublicKeyToken=b03f5f7f11d50a3a (C:\ProgramData\scoop\apps\flow-launcher\current\app-1.15.0\System.Security.Cryptography.dll)
* System.Collections.Concurrent, Version=7.0.0.0, Culture=neutral, PublicKeyToken=b03f5f7f11d50a3a (C:\ProgramData\scoop\apps\flow-launcher\current\app-1.15.0\System.Collections.Concurrent.dll)
* System.Memory, Version=7.0.0.0, Culture=neutral, PublicKeyToken=cc7b13ffcd2ddd51 (C:\ProgramData\scoop\apps\flow-launcher\current\app-1.15.0\System.Memory.dll)
* System.ComponentModel.TypeConverter, Version=7.0.0.0, Culture=neutral, PublicKeyToken=b03f5f7f11d50a3a (C:\ProgramData\scoop\apps\flow-launcher\current\app-1.15.0\System.ComponentModel.TypeConverter.dll)
* System.Xml.ReaderWriter, Version=7.0.0.0, Culture=neutral, PublicKeyToken=b03f5f7f11d50a3a (C:\ProgramData\scoop\apps\flow-launcher\current\app-1.15.0\System.Xml.ReaderWriter.dll)
* System.Private.Xml, Version=7.0.0.0, Culture=neutral, PublicKeyToken=cc7b13ffcd2ddd51 (C:\ProgramData\scoop\apps\flow-launcher\current\app-1.15.0\System.Private.Xml.dll)
* System.Collections.Specialized, Version=7.0.0.0, Culture=neutral, PublicKeyToken=b03f5f7f11d50a3a (C:\ProgramData\scoop\apps\flow-launcher\current\app-1.15.0\System.Collections.Specialized.dll)
* System.Net.WebClient, Version=7.0.0.0, Culture=neutral, PublicKeyToken=cc7b13ffcd2ddd51 (C:\ProgramData\scoop\apps\flow-launcher\current\app-1.15.0\System.Net.WebClient.dll)
* System.ComponentModel.EventBasedAsync, Version=7.0.0.0, Culture=neutral, PublicKeyToken=b03f5f7f11d50a3a (C:\ProgramData\scoop\apps\flow-launcher\current\app-1.15.0\System.ComponentModel.EventBasedAsync.dll)
* System.Text.Encoding.Extensions, Version=7.0.0.0, Culture=neutral, PublicKeyToken=b03f5f7f11d50a3a (C:\ProgramData\scoop\apps\flow-launcher\current\app-1.15.0\System.Text.Encoding.Extensions.dll)
* System.Threading.Thread, Version=7.0.0.0, Culture=neutral, PublicKeyToken=b03f5f7f11d50a3a (C:\ProgramData\scoop\apps\flow-launcher\current\app-1.15.0\System.Threading.Thread.dll)
* System.Runtime.Serialization.Formatters, Version=7.0.0.0, Culture=neutral, PublicKeyToken=b03f5f7f11d50a3a (C:\ProgramData\scoop\apps\flow-launcher\current\app-1.15.0\System.Runtime.Serialization.Formatters.dll)
* System.Xml.XmlSerializer, Version=7.0.0.0, Culture=neutral, PublicKeyToken=b03f5f7f11d50a3a (C:\ProgramData\scoop\apps\flow-launcher\current\app-1.15.0\System.Xml.XmlSerializer.dll)
* System.IO.Packaging, Version=7.0.0.0, Culture=neutral, PublicKeyToken=b03f5f7f11d50a3a (C:\ProgramData\scoop\apps\flow-launcher\current\app-1.15.0\System.IO.Packaging.dll)
* DirectWriteForwarder, Version=7.0.0.0, Culture=neutral, PublicKeyToken=31bf3856ad364e35 (C:\ProgramData\scoop\apps\flow-launcher\current\app-1.15.0\DirectWriteForwarder.dll)
* System.Runtime.Extensions, Version=7.0.0.0, Culture=neutral, PublicKeyToken=b03f5f7f11d50a3a (C:\ProgramData\scoop\apps\flow-launcher\current\app-1.15.0\System.Runtime.Extensions.dll)
* System.Diagnostics.Debug, Version=7.0.0.0, Culture=neutral, PublicKeyToken=b03f5f7f11d50a3a (C:\ProgramData\scoop\apps\flow-launcher\current\app-1.15.0\System.Diagnostics.Debug.dll)
* System.Runtime.CompilerServices.VisualC, Version=7.0.0.0, Culture=neutral, PublicKeyToken=b03f5f7f11d50a3a (C:\ProgramData\scoop\apps\flow-launcher\current\app-1.15.0\System.Runtime.CompilerServices.VisualC.dll)
* Microsoft.Win32.Primitives, Version=7.0.0.0, Culture=neutral, PublicKeyToken=b03f5f7f11d50a3a (C:\ProgramData\scoop\apps\flow-launcher\current\app-1.15.0\Microsoft.Win32.Primitives.dll)
* System.Collections.NonGeneric, Version=7.0.0.0, Culture=neutral, PublicKeyToken=b03f5f7f11d50a3a (C:\ProgramData\scoop\apps\flow-launcher\current\app-1.15.0\System.Collections.NonGeneric.dll)
* Microsoft.Win32.Registry, Version=7.0.0.0, Culture=neutral, PublicKeyToken=b03f5f7f11d50a3a (C:\ProgramData\scoop\apps\flow-launcher\current\app-1.15.0\Microsoft.Win32.Registry.dll)
* System.Linq, Version=7.0.0.0, Culture=neutral, PublicKeyToken=b03f5f7f11d50a3a (C:\ProgramData\scoop\apps\flow-launcher\current\app-1.15.0\System.Linq.dll)
* System.Diagnostics.TraceSource, Version=7.0.0.0, Culture=neutral, PublicKeyToken=b03f5f7f11d50a3a (C:\ProgramData\scoop\apps\flow-launcher\current\app-1.15.0\System.Diagnostics.TraceSource.dll)
* System.Windows.Extensions, Version=7.0.0.0, Culture=neutral, PublicKeyToken=cc7b13ffcd2ddd51 (C:\ProgramData\scoop\apps\flow-launcher\current\app-1.15.0\System.Windows.Extensions.dll)
* System.ComponentModel, Version=7.0.0.0, Culture=neutral, PublicKeyToken=b03f5f7f11d50a3a (C:\ProgramData\scoop\apps\flow-launcher\current\app-1.15.0\System.ComponentModel.dll)
* ModernWpf, Version=0.9.4.0, Culture=neutral, PublicKeyToken=null (C:\ProgramData\scoop\apps\flow-launcher\current\app-1.15.0\ModernWpf.dll)
* System.Net.Requests, Version=7.0.0.0, Culture=neutral, PublicKeyToken=b03f5f7f11d50a3a (C:\ProgramData\scoop\apps\flow-launcher\current\app-1.15.0\System.Net.Requests.dll)
* System.Net.Primitives, Version=7.0.0.0, Culture=neutral, PublicKeyToken=b03f5f7f11d50a3a (C:\ProgramData\scoop\apps\flow-launcher\current\app-1.15.0\System.Net.Primitives.dll)
* System.Net.WebHeaderCollection, Version=7.0.0.0, Culture=neutral, PublicKeyToken=b03f5f7f11d50a3a (C:\ProgramData\scoop\apps\flow-launcher\current\app-1.15.0\System.Net.WebHeaderCollection.dll)
* System.Runtime.Loader, Version=7.0.0.0, Culture=neutral, PublicKeyToken=b03f5f7f11d50a3a (C:\ProgramData\scoop\apps\flow-launcher\current\app-1.15.0\System.Runtime.Loader.dll)
* Microsoft.Windows.SDK.NET, Version=10.0.19041.24, Culture=neutral, PublicKeyToken=31bf3856ad364e35 (C:\ProgramData\scoop\apps\flow-launcher\current\app-1.15.0\Microsoft.Windows.SDK.NET.dll)
* WinRT.Runtime, Version=2.0.0.0, Culture=neutral, PublicKeyToken=99ea127f02d97709 (C:\ProgramData\scoop\apps\flow-launcher\current\app-1.15.0\WinRT.Runtime.dll)
* Microsoft.Win32.SystemEvents, Version=7.0.0.0, Culture=neutral, PublicKeyToken=cc7b13ffcd2ddd51 (C:\ProgramData\scoop\apps\flow-launcher\current\app-1.15.0\Microsoft.Win32.SystemEvents.dll)
* System.Runtime.CompilerServices.Unsafe, Version=7.0.0.0, Culture=neutral, PublicKeyToken=b03f5f7f11d50a3a (C:\ProgramData\scoop\apps\flow-launcher\current\app-1.15.0\System.Runtime.CompilerServices.Unsafe.dll)
* System.Linq.Expressions, Version=7.0.0.0, Culture=neutral, PublicKeyToken=b03f5f7f11d50a3a (C:\ProgramData\scoop\apps\flow-launcher\current\app-1.15.0\System.Linq.Expressions.dll)
* System.Security.Cryptography.Algorithms, Version=7.0.0.0, Culture=neutral, PublicKeyToken=b03f5f7f11d50a3a (C:\ProgramData\scoop\apps\flow-launcher\current\app-1.15.0\System.Security.Cryptography.Algorithms.dll)
* System.Numerics.Vectors, Version=7.0.0.0, Culture=neutral, PublicKeyToken=b03f5f7f11d50a3a (C:\ProgramData\scoop\apps\flow-launcher\current\app-1.15.0\System.Numerics.Vectors.dll)
* System.Reflection.Emit, Version=7.0.0.0, Culture=neutral, PublicKeyToken=b03f5f7f11d50a3a (C:\ProgramData\scoop\apps\flow-launcher\current\app-1.15.0\System.Reflection.Emit.dll)
* Snippets, Version=0.0.0.0, Culture=neutral, PublicKeyToken=null (dynamic assembly doesn't has location)
* System.Security.Cryptography.Csp, Version=7.0.0.0, Culture=neutral, PublicKeyToken=b03f5f7f11d50a3a (C:\ProgramData\scoop\apps\flow-launcher\current\app-1.15.0\System.Security.Cryptography.Csp.dll)
* System.Security.Cryptography.Primitives, Version=7.0.0.0, Culture=neutral, PublicKeyToken=b03f5f7f11d50a3a (C:\ProgramData\scoop\apps\flow-launcher\current\app-1.15.0\System.Security.Cryptography.Primitives.dll)
* UIAutomationTypes, Version=7.0.0.0, Culture=neutral, PublicKeyToken=31bf3856ad364e35 (C:\ProgramData\scoop\apps\flow-launcher\current\app-1.15.0\UIAutomationTypes.dll)
* System.Diagnostics.Process, Version=7.0.0.0, Culture=neutral, PublicKeyToken=b03f5f7f11d50a3a (C:\ProgramData\scoop\apps\flow-launcher\current\app-1.15.0\System.Diagnostics.Process.dll)
* PresentationFramework.Aero2, Version=7.0.0.0, Culture=neutral, PublicKeyToken=31bf3856ad364e35 (C:\ProgramData\scoop\apps\flow-launcher\current\app-1.15.0\PresentationFramework.Aero2.dll)
* ModernWpf.Controls, Version=0.9.4.0, Culture=neutral, PublicKeyToken=null (C:\ProgramData\scoop\apps\flow-launcher\current\app-1.15.0\ModernWpf.Controls.dll)
* mscorlib, Version=4.0.0.0, Culture=neutral, PublicKeyToken=b77a5c561934e089 (C:\ProgramData\scoop\apps\flow-launcher\current\app-1.15.0\mscorlib.dll)
* Flow.Launcher.Plugin, Version=0.0.0.0, Culture=neutral, PublicKeyToken=null (C:\ProgramData\scoop\apps\flow-launcher\current\app-1.15.0\Flow.Launcher.Plugin.dll)
* System.Text.Encoding.CodePages, Version=7.0.0.0, Culture=neutral, PublicKeyToken=b03f5f7f11d50a3a (C:\ProgramData\scoop\apps\flow-launcher\current\app-1.15.0\System.Text.Encoding.CodePages.dll)
* System.Text.Json, Version=7.0.0.0, Culture=neutral, PublicKeyToken=cc7b13ffcd2ddd51 (C:\ProgramData\scoop\apps\flow-launcher\current\app-1.15.0\System.Text.Json.dll)
* NLog, Version=4.0.0.0, Culture=neutral, PublicKeyToken=5120e14c03d0593c (C:\ProgramData\scoop\apps\flow-launcher\current\app-1.15.0\NLog.dll)
* netstandard, Version=2.1.0.0, Culture=neutral, PublicKeyToken=cc7b13ffcd2ddd51 (C:\ProgramData\scoop\apps\flow-launcher\current\app-1.15.0\netstandard.dll)
* System.Diagnostics.FileVersionInfo, Version=7.0.0.0, Culture=neutral, PublicKeyToken=b03f5f7f11d50a3a (C:\ProgramData\scoop\apps\flow-launcher\current\app-1.15.0\System.Diagnostics.FileVersionInfo.dll)
* System.IO.FileSystem.Watcher, Version=7.0.0.0, Culture=neutral, PublicKeyToken=b03f5f7f11d50a3a (C:\ProgramData\scoop\apps\flow-launcher\current\app-1.15.0\System.IO.FileSystem.Watcher.dll)
* System.Data.Common, Version=7.0.0.0, Culture=neutral, PublicKeyToken=b03f5f7f11d50a3a (C:\ProgramData\scoop\apps\flow-launcher\current\app-1.15.0\System.Data.Common.dll)
* System.Net.Mail, Version=7.0.0.0, Culture=neutral, PublicKeyToken=cc7b13ffcd2ddd51 (C:\ProgramData\scoop\apps\flow-launcher\current\app-1.15.0\System.Net.Mail.dll)
* System.Net.Sockets, Version=7.0.0.0, Culture=neutral, PublicKeyToken=b03f5f7f11d50a3a (C:\ProgramData\scoop\apps\flow-launcher\current\app-1.15.0\System.Net.Sockets.dll)
* NLog.Extensions.Logging, Version=1.0.0.0, Culture=neutral, PublicKeyToken=5120e14c03d0593c (C:\ProgramData\scoop\apps\flow-launcher\current\app-1.15.0\NLog.Extensions.Logging.dll)
* Microsoft.Extensions.Logging.Abstractions, Version=7.0.0.0, Culture=neutral, PublicKeyToken=adb9793829ddae60 (C:\ProgramData\scoop\apps\flow-launcher\current\app-1.15.0\Microsoft.Extensions.Logging.Abstractions.dll)
* Microsoft.Extensions.Logging, Version=7.0.0.0, Culture=neutral, PublicKeyToken=adb9793829ddae60 (C:\ProgramData\scoop\apps\flow-launcher\current\app-1.15.0\Microsoft.Extensions.Logging.dll)
* NLog.Web.AspNetCore, Version=4.0.0.0, Culture=neutral, PublicKeyToken=5120e14c03d0593c (C:\ProgramData\scoop\apps\flow-launcher\current\app-1.15.0\NLog.Web.AspNetCore.dll)
* System.Diagnostics.StackTrace, Version=7.0.0.0, Culture=neutral, PublicKeyToken=b03f5f7f11d50a3a (C:\ProgramData\scoop\apps\flow-launcher\current\app-1.15.0\System.Diagnostics.StackTrace.dll)
* System.Reflection.Metadata, Version=7.0.0.0, Culture=neutral, PublicKeyToken=b03f5f7f11d50a3a (C:\ProgramData\scoop\apps\flow-launcher\current\app-1.15.0\System.Reflection.Metadata.dll)
* System.Collections.Immutable, Version=7.0.0.0, Culture=neutral, PublicKeyToken=b03f5f7f11d50a3a (C:\ProgramData\scoop\apps\flow-launcher\current\app-1.15.0\System.Collections.Immutable.dll)
* System.IO.MemoryMappedFiles, Version=7.0.0.0, Culture=neutral, PublicKeyToken=b03f5f7f11d50a3a (C:\ProgramData\scoop\apps\flow-launcher\current\app-1.15.0\System.IO.MemoryMappedFiles.dll)
* UIAutomationProvider, Version=7.0.0.0, Culture=neutral, PublicKeyToken=31bf3856ad364e35 (C:\ProgramData\scoop\apps\flow-launcher\current\app-1.15.0\UIAutomationProvider.dll)
* System.Windows.Controls.Ribbon, Version=7.0.0.0, Culture=neutral, PublicKeyToken=b77a5c561934e089 (C:\ProgramData\scoop\apps\flow-launcher\current\app-1.15.0\System.Windows.Controls.Ribbon.dll)
* System.Diagnostics.Tracing, Version=7.0.0.0, Culture=neutral, PublicKeyToken=b03f5f7f11d50a3a (C:\ProgramData\scoop\apps\flow-launcher\current\app-1.15.0\System.Diagnostics.Tracing.dll)

23:55:32.4399+02:00 - INFO  - App.OnStartup - Begin Flow Launcher startup ----------------------------------------------------
23:55:32.4399+02:00 - INFO  - App.OnStartup - Runtime info:
Flow Launcher version: 1.15.0
OS Version: 19045.3448
IntPtr Length: 8
x64: True
23:55:34.5384+02:00 - INFO  - ImageLoader.Initialize - Preload images cost <1984ms>
23:55:34.5421+02:00 - INFO  - ImageLoader.Initialize - Number of preload images is <67>, Images Number: 67, Unique Items 48
23:55:35.8440+02:00 - INFO  - PluginManager.InitializePlugins - Total init cost for <Calculator> is <151ms>
23:55:35.8440+02:00 - INFO  - PluginManager.InitializePlugins - Total init cost for <Plugin Indicator> is <64ms>
23:55:35.9018+02:00 - INFO  - PluginManager.InitializePlugins - Total init cost for <Explorer> is <396ms>
23:55:35.9018+02:00 - INFO  - PluginManager.InitializePlugins - Total init cost for <Process Killer> is <80ms>
23:55:35.9756+02:00 - INFO  - Flow.Launcher.Plugin.Program.Main - Preload programs cost <38ms>
23:55:35.9756+02:00 - INFO  - Flow.Launcher.Plugin.Program.Main - Number of preload win32 programs <224>
23:55:35.9756+02:00 - INFO  - Flow.Launcher.Plugin.Program.Main - Number of preload uwps <43>
23:55:36.3075+02:00 - INFO  - PluginManager.InitializePlugins - Total init cost for <Plugins Manager> is <640ms>
23:55:36.3075+02:00 - INFO  - PluginManager.InitializePlugins - Total init cost for <Program> is <639ms>
23:55:36.4354+02:00 - INFO  - PluginManager.InitializePlugins - Total init cost for <Shell> is <139ms>
23:55:36.4354+02:00 - INFO  - PluginManager.InitializePlugins - Total init cost for <System Commands> is <112ms>
23:55:36.4498+02:00 - INFO  - PluginManager.InitializePlugins - Total init cost for <URL> is <133ms>
23:55:36.4878+02:00 - INFO  - PluginManager.InitializePlugins - Total init cost for <Web Searches> is <201ms>
23:55:36.5100+02:00 - INFO  - PluginManager.InitializePlugins - Total init cost for <Favorites> is <89ms>
23:55:36.5100+02:00 - INFO  - PluginManager.InitializePlugins - Total init cost for <JetBrainsIDEProjects> is <62ms>
23:55:36.7492+02:00 - INFO  - PluginManager.InitializePlugins - Total init cost for <Windows Settings> is <469ms>
23:55:36.8152+02:00 - INFO  - PluginManager.InitializePlugins - Total init cost for <Browser Bookmarks> is <1184ms>
23:55:37.0187+02:00 - INFO  - PluginManager.InitializePlugins - Total init cost for <Obsidian Notes> is <203ms>
23:55:37.0187+02:00 - INFO  - PluginManager.InitializePlugins - Total init cost for <Window Services> is <0ms>
23:55:37.0187+02:00 - INFO  - PluginManager.InitializePlugins - Total init cost for <Windows Startup> is <0ms>
23:55:37.0753+02:00 - INFO  - PluginManager.InitializePlugins - Total init cost for <VS Code Workspaces> is <507ms>
23:55:37.1051+02:00 - INFO  - PluginManager.InitializePlugins - Total init cost for <Shortcuts> is <764ms>
23:55:37.2511+02:00 - ERROR -  - ------------- BEGIN Flow.Launcher.Plugin.Program exception -------------
23:55:37.2511+02:00 - ERROR -  - 
Exception full name: System.IO.FileNotFoundException
Error status: KNOWN
Class name: UWP
Calling method: LogoPathFromUri
Program path: C:\Windows\SystemApps\Microsoft.MicrosoftEdge_8wekyb3d8bbwe
InnerException number: 1
Exception message: Unable to find the specified file.
Exception error type: HResult -2147024894
Exception thrown in called method: Not available
Possible interpretation of the error: Microsoft.MicrosoftEdge_8wekyb3d8bbwe!MicrosoftEdge can't find logo uri for Assets\MicrosoftEdgeSquare44x44.png in package location (logo name or directory not found): C:\Windows\SystemApps\Microsoft.MicrosoftEdge_8wekyb3d8bbwe
Possible resolution: Can be ignored and Flow Launcher should still continue, however the program may not be loaded
23:55:37.2511+02:00 - ERROR -  - ------------- END Flow.Launcher.Plugin.Program exception -------------
23:55:37.2511+02:00 - ERROR -  - ------------- BEGIN Flow.Launcher.Plugin.Program exception -------------
23:55:37.2511+02:00 - ERROR -  - 
Exception full name: System.IO.FileNotFoundException
Error status: KNOWN
Class name: UWP
Calling method: LogoPathFromUri
Program path: C:\Windows\SystemApps\Microsoft.MicrosoftEdge_8wekyb3d8bbwe
InnerException number: 1
Exception message: Unable to find the specified file.
Exception error type: HResult -2147024894
Exception thrown in called method: Not available
Possible interpretation of the error: Microsoft.MicrosoftEdge_8wekyb3d8bbwe!MicrosoftEdge can't find logo uri for Assets\MicrosoftEdgeSquare44x44.png in package location (logo name or directory not found): C:\Windows\SystemApps\Microsoft.MicrosoftEdge_8wekyb3d8bbwe
Possible resolution: Can be ignored and Flow Launcher should still continue, however the program may not be loaded
23:55:37.2511+02:00 - ERROR -  - ------------- END Flow.Launcher.Plugin.Program exception -------------
23:55:37.2511+02:00 - ERROR -  - ------------- BEGIN Flow.Launcher.Plugin.Program exception -------------
23:55:37.2511+02:00 - ERROR -  - 
Exception full name: System.IO.FileNotFoundException
Error status: KNOWN
Class name: UWP
Calling method: LogoPathFromUri
Program path: C:\Windows\SystemApps\Microsoft.MicrosoftEdge_8wekyb3d8bbwe
InnerException number: 1
Exception message: Unable to find the specified file.
Exception error type: HResult -2147024894
Exception thrown in called method: Not available
Possible interpretation of the error: Microsoft.MicrosoftEdge_8wekyb3d8bbwe!MicrosoftEdge can't find logo uri for Assets\MicrosoftEdgeSquare44x44.png in package location (logo name or directory not found): C:\Windows\SystemApps\Microsoft.MicrosoftEdge_8wekyb3d8bbwe
Possible resolution: Can be ignored and Flow Launcher should still continue, however the program may not be loaded
23:55:37.2511+02:00 - ERROR -  - ------------- END Flow.Launcher.Plugin.Program exception -------------
23:55:37.2511+02:00 - ERROR -  - ------------- BEGIN Flow.Launcher.Plugin.Program exception -------------
23:55:37.2511+02:00 - ERROR -  - 
Exception full name: System.IO.FileNotFoundException
Error status: KNOWN
Class name: UWP
Calling method: LogoPathFromUri
Program path: C:\Windows\SystemApps\Microsoft.MicrosoftEdge_8wekyb3d8bbwe
InnerException number: 1
Exception message: Unable to find the specified file.
Exception error type: HResult -2147024894
Exception thrown in called method: Not available
Possible interpretation of the error: Microsoft.MicrosoftEdge_8wekyb3d8bbwe!MicrosoftEdge can't find logo uri for Assets\MicrosoftEdgeSquare44x44.png in package location (logo name or directory not found): C:\Windows\SystemApps\Microsoft.MicrosoftEdge_8wekyb3d8bbwe
Possible resolution: Can be ignored and Flow Launcher should still continue, however the program may not be loaded
23:55:37.2511+02:00 - ERROR -  - ------------- END Flow.Launcher.Plugin.Program exception -------------
23:55:37.5333+02:00 - INFO  - App.OnStartup - Dependencies Info:
Python Path: C:\ProgramData\scoop\apps\flow-launcher\1.15.0\app-1.15.0\UserData\Environments\Python\PythonEmbeddable-v3.8.9\pythonw.exe
Node Path: 
23:55:40.0971+02:00 - INFO  - PluginsManifest.UpdateManifestAsync - Fetched plugins from manifest repo
23:55:40.5046+02:00 - INFO  - Flow.Launcher.Plugin.Program.Main - UWPPRogram index cost <4190ms>
23:55:40.7398+02:00 - INFO  - App.OnStartup - End Flow Launcher startup ----------------------------------------------------  
23:55:40.7398+02:00 - INFO  - App.OnStartup - Startup cost <8581ms>
23:55:41.8747+02:00 - ERROR -  - ------------- BEGIN Flow.Launcher.Plugin.Program exception -------------
23:55:41.8747+02:00 - ERROR -  - 
Exception full name: System.IO.FileNotFoundException
Error status: UNKNOWN
Class name: Win32
Calling method: ExeProgram
Program path: C:\ProgramData\chocolatey\lib\apimonitor\tools\apimonitor-x64.exe
InnerException number: 1
Exception message: C:\ProgramData\chocolatey\lib\apimonitor\tools\apimonitor-x64.exe
Exception error type: HResult -2147024894
Exception thrown in called method: System.Diagnostics.FileVersionInfo GetVersionInfo(System.String)
Possible interpretation of the error: File not found when trying to load the program from C:\ProgramData\chocolatey\lib\apimonitor\tools\apimonitor-x64.exe
Possible resolution: Not yet known
23:55:41.8747+02:00 - ERROR -  - ------------- END Flow.Launcher.Plugin.Program exception -------------
23:55:41.8747+02:00 - ERROR -  - ------------- BEGIN Flow.Launcher.Plugin.Program exception -------------
23:55:41.8747+02:00 - ERROR -  - 
Exception full name: System.IO.FileNotFoundException
Error status: UNKNOWN
Class name: Win32
Calling method: ExeProgram
Program path: C:\ProgramData\chocolatey\lib\apimonitor\tools\apimonitor-x86.exe
InnerException number: 1
Exception message: C:\ProgramData\chocolatey\lib\apimonitor\tools\apimonitor-x86.exe
Exception error type: HResult -2147024894
Exception thrown in called method: System.Diagnostics.FileVersionInfo GetVersionInfo(System.String)
Possible interpretation of the error: File not found when trying to load the program from C:\ProgramData\chocolatey\lib\apimonitor\tools\apimonitor-x86.exe
Possible resolution: Not yet known
23:55:41.8747+02:00 - ERROR -  - ------------- END Flow.Launcher.Plugin.Program exception -------------
23:55:46.2538+02:00 - ERROR -  - ------------- BEGIN Flow.Launcher.Plugin.Program exception -------------
23:55:46.2538+02:00 - ERROR -  - 
Exception full name: System.IO.FileNotFoundException
Error status: UNKNOWN
Class name: Win32
Calling method: ExeProgram
Program path: C:\Program Files\Calibre2\calibre-complete.exe
InnerException number: 1
Exception message: C:\Program Files\Calibre2\calibre-complete.exe
Exception error type: HResult -2147024894
Exception thrown in called method: System.Diagnostics.FileVersionInfo GetVersionInfo(System.String)
Possible interpretation of the error: File not found when trying to load the program from C:\Program Files\Calibre2\calibre-complete.exe
Possible resolution: Not yet known
23:55:46.2538+02:00 - ERROR -  - ------------- END Flow.Launcher.Plugin.Program exception -------------
23:55:46.2538+02:00 - ERROR -  - ------------- BEGIN Flow.Launcher.Plugin.Program exception -------------
23:55:46.2538+02:00 - ERROR -  - 
Exception full name: System.IO.FileNotFoundException
Error status: UNKNOWN
Class name: Win32
Calling method: ExeProgram
Program path: C:\Program Files\Calibre2\calibre-customize.exe
InnerException number: 1
Exception message: C:\Program Files\Calibre2\calibre-customize.exe
Exception error type: HResult -2147024894
Exception thrown in called method: System.Diagnostics.FileVersionInfo GetVersionInfo(System.String)
Possible interpretation of the error: File not found when trying to load the program from C:\Program Files\Calibre2\calibre-customize.exe
Possible resolution: Not yet known
23:55:46.2538+02:00 - ERROR -  - ------------- END Flow.Launcher.Plugin.Program exception -------------
23:55:46.2538+02:00 - ERROR -  - ------------- BEGIN Flow.Launcher.Plugin.Program exception -------------
23:55:46.2538+02:00 - ERROR -  - 
Exception full name: System.IO.FileNotFoundException
Error status: UNKNOWN
Class name: Win32
Calling method: ExeProgram
Program path: C:\Program Files\Calibre2\calibre-debug.exe
InnerException number: 1
Exception message: C:\Program Files\Calibre2\calibre-debug.exe
Exception error type: HResult -2147024894
Exception thrown in called method: System.Diagnostics.FileVersionInfo GetVersionInfo(System.String)
Possible interpretation of the error: File not found when trying to load the program from C:\Program Files\Calibre2\calibre-debug.exe
Possible resolution: Not yet known
23:55:46.2538+02:00 - ERROR -  - ------------- END Flow.Launcher.Plugin.Program exception -------------
23:55:46.2538+02:00 - ERROR -  - ------------- BEGIN Flow.Launcher.Plugin.Program exception -------------
23:55:46.2538+02:00 - ERROR -  - 
Exception full name: System.IO.FileNotFoundException
Error status: UNKNOWN
Class name: Win32
Calling method: ExeProgram
Program path: C:\Program Files\Calibre2\app\bin\calibre-eject.exe
InnerException number: 1
Exception message: C:\Program Files\Calibre2\app\bin\calibre-eject.exe
Exception error type: HResult -2147024894
Exception thrown in called method: System.Diagnostics.FileVersionInfo GetVersionInfo(System.String)
Possible interpretation of the error: File not found when trying to load the program from C:\Program Files\Calibre2\app\bin\calibre-eject.exe
Possible resolution: Not yet known
23:55:46.2538+02:00 - ERROR -  - ------------- END Flow.Launcher.Plugin.Program exception -------------
23:55:46.2538+02:00 - ERROR -  - ------------- BEGIN Flow.Launcher.Plugin.Program exception -------------
23:55:46.2538+02:00 - ERROR -  - 
Exception full name: System.IO.FileNotFoundException
Error status: UNKNOWN
Class name: Win32
Calling method: ExeProgram
Program path: C:\Program Files\Calibre2\app\bin\calibre-file-dialog.exe
InnerException number: 1
Exception message: C:\Program Files\Calibre2\app\bin\calibre-file-dialog.exe
Exception error type: HResult -2147024894
Exception thrown in called method: System.Diagnostics.FileVersionInfo GetVersionInfo(System.String)
Possible interpretation of the error: File not found when trying to load the program from C:\Program Files\Calibre2\app\bin\calibre-file-dialog.exe
Possible resolution: Not yet known
23:55:46.2538+02:00 - ERROR -  - ------------- END Flow.Launcher.Plugin.Program exception -------------
23:55:46.2538+02:00 - ERROR -  - ------------- BEGIN Flow.Launcher.Plugin.Program exception -------------
23:55:46.2538+02:00 - ERROR -  - 
Exception full name: System.IO.FileNotFoundException
Error status: UNKNOWN
Class name: Win32
Calling method: ExeProgram
Program path: C:\Program Files\Calibre2\calibre-parallel.exe
InnerException number: 1
Exception message: C:\Program Files\Calibre2\calibre-parallel.exe
Exception error type: HResult -2147024894
Exception thrown in called method: System.Diagnostics.FileVersionInfo GetVersionInfo(System.String)
Possible interpretation of the error: File not found when trying to load the program from C:\Program Files\Calibre2\calibre-parallel.exe
Possible resolution: Not yet known
23:55:46.2538+02:00 - ERROR -  - ------------- END Flow.Launcher.Plugin.Program exception -------------
23:55:46.2538+02:00 - ERROR -  - ------------- BEGIN Flow.Launcher.Plugin.Program exception -------------
23:55:46.2538+02:00 - ERROR -  - 
Exception full name: System.IO.FileNotFoundException
Error status: UNKNOWN
Class name: Win32
Calling method: ExeProgram
Program path: C:\Program Files\Calibre2\calibre-server.exe
InnerException number: 1
Exception message: C:\Program Files\Calibre2\calibre-server.exe
Exception error type: HResult -2147024894
Exception thrown in called method: System.Diagnostics.FileVersionInfo GetVersionInfo(System.String)
Possible interpretation of the error: File not found when trying to load the program from C:\Program Files\Calibre2\calibre-server.exe
Possible resolution: Not yet known
23:55:46.2538+02:00 - ERROR -  - ------------- END Flow.Launcher.Plugin.Program exception -------------
23:55:46.2538+02:00 - ERROR -  - ------------- BEGIN Flow.Launcher.Plugin.Program exception -------------
23:55:46.2538+02:00 - ERROR -  - 
Exception full name: System.IO.FileNotFoundException
Error status: UNKNOWN
Class name: Win32
Calling method: ExeProgram
Program path: C:\Program Files\Calibre2\calibre-smtp.exe
InnerException number: 1
Exception message: C:\Program Files\Calibre2\calibre-smtp.exe
Exception error type: HResult -2147024894
Exception thrown in called method: System.Diagnostics.FileVersionInfo GetVersionInfo(System.String)
Possible interpretation of the error: File not found when trying to load the program from C:\Program Files\Calibre2\calibre-smtp.exe
Possible resolution: Not yet known
23:55:46.2538+02:00 - ERROR -  - ------------- END Flow.Launcher.Plugin.Program exception -------------
23:55:46.2538+02:00 - ERROR -  - ------------- BEGIN Flow.Launcher.Plugin.Program exception -------------
23:55:46.2538+02:00 - ERROR -  - 
Exception full name: System.IO.FileNotFoundException
Error status: UNKNOWN
Class name: Win32
Calling method: ExeProgram
Program path: C:\Program Files\Calibre2\calibre.exe
InnerException number: 1
Exception message: C:\Program Files\Calibre2\calibre.exe
Exception error type: HResult -2147024894
Exception thrown in called method: System.Diagnostics.FileVersionInfo GetVersionInfo(System.String)
Possible interpretation of the error: File not found when trying to load the program from C:\Program Files\Calibre2\calibre.exe
Possible resolution: Not yet known
23:55:46.2538+02:00 - ERROR -  - ------------- END Flow.Launcher.Plugin.Program exception -------------
23:55:46.2538+02:00 - ERROR -  - ------------- BEGIN Flow.Launcher.Plugin.Program exception -------------
23:55:46.2538+02:00 - ERROR -  - 
Exception full name: System.IO.FileNotFoundException
Error status: UNKNOWN
Class name: Win32
Calling method: ExeProgram
Program path: C:\Program Files\Calibre2\calibredb.exe
InnerException number: 1
Exception message: C:\Program Files\Calibre2\calibredb.exe
Exception error type: HResult -2147024894
Exception thrown in called method: System.Diagnostics.FileVersionInfo GetVersionInfo(System.String)
Possible interpretation of the error: File not found when trying to load the program from C:\Program Files\Calibre2\calibredb.exe
Possible resolution: Not yet known
23:55:46.2538+02:00 - ERROR -  - ------------- END Flow.Launcher.Plugin.Program exception -------------
23:55:46.2795+02:00 - ERROR -  - ------------- BEGIN Flow.Launcher.Plugin.Program exception -------------
23:55:46.2795+02:00 - ERROR -  - 
Exception full name: System.IO.FileNotFoundException
Error status: UNKNOWN
Class name: Win32
Calling method: ExeProgram
Program path: C:\Program Files\Calibre2\app\bin\cjpeg-calibre.exe
InnerException number: 1
Exception message: C:\Program Files\Calibre2\app\bin\cjpeg-calibre.exe
Exception error type: HResult -2147024894
Exception thrown in called method: System.Diagnostics.FileVersionInfo GetVersionInfo(System.String)
Possible interpretation of the error: File not found when trying to load the program from C:\Program Files\Calibre2\app\bin\cjpeg-calibre.exe
Possible resolution: Not yet known
23:55:46.2795+02:00 - ERROR -  - ------------- END Flow.Launcher.Plugin.Program exception -------------
23:55:46.2795+02:00 - ERROR -  - ------------- BEGIN Flow.Launcher.Plugin.Program exception -------------
23:55:46.2795+02:00 - ERROR -  - 
Exception full name: System.IO.FileNotFoundException
Error status: UNKNOWN
Class name: Win32
Calling method: ExeProgram
Program path: Cyberduck.exe
InnerException number: 1
Exception message: C:\ProgramData\scoop\apps\flow-launcher\1.15.0\Cyberduck.exe
Exception error type: HResult -2147024894
Exception thrown in called method: System.Diagnostics.FileVersionInfo GetVersionInfo(System.String)
Possible interpretation of the error: File not found when trying to load the program from Cyberduck.exe
Possible resolution: Not yet known
23:55:46.2795+02:00 - ERROR -  - ------------- END Flow.Launcher.Plugin.Program exception -------------
23:55:46.2795+02:00 - ERROR -  - ------------- BEGIN Flow.Launcher.Plugin.Program exception -------------
23:55:46.2795+02:00 - ERROR -  - 
Exception full name: System.IO.FileNotFoundException
Error status: UNKNOWN
Class name: Win32
Calling method: ExeProgram
Program path: C:\Program Files\Dolphin\Dolphin.exe
InnerException number: 1
Exception message: C:\Program Files\Dolphin\Dolphin.exe
Exception error type: HResult -2147024894
Exception thrown in called method: System.Diagnostics.FileVersionInfo GetVersionInfo(System.String)
Possible interpretation of the error: File not found when trying to load the program from C:\Program Files\Dolphin\Dolphin.exe
Possible resolution: Not yet known
23:55:46.2795+02:00 - ERROR -  - ------------- END Flow.Launcher.Plugin.Program exception -------------
23:55:46.2795+02:00 - ERROR -  - ------------- BEGIN Flow.Launcher.Plugin.Program exception -------------
23:55:46.2795+02:00 - ERROR -  - 
Exception full name: System.IO.FileNotFoundException
Error status: UNKNOWN
Class name: Win32
Calling method: ExeProgram
Program path: C:\Program Files\Calibre2\ebook-convert.exe
InnerException number: 1
Exception message: C:\Program Files\Calibre2\ebook-convert.exe
Exception error type: HResult -2147024894
Exception thrown in called method: System.Diagnostics.FileVersionInfo GetVersionInfo(System.String)
Possible interpretation of the error: File not found when trying to load the program from C:\Program Files\Calibre2\ebook-convert.exe
Possible resolution: Not yet known
23:55:46.2795+02:00 - ERROR -  - ------------- END Flow.Launcher.Plugin.Program exception -------------
23:55:46.2795+02:00 - ERROR -  - ------------- BEGIN Flow.Launcher.Plugin.Program exception -------------
23:55:46.2795+02:00 - ERROR -  - 
Exception full name: System.IO.FileNotFoundException
Error status: UNKNOWN
Class name: Win32
Calling method: ExeProgram
Program path: C:\Program Files\Calibre2\ebook-device.exe
InnerException number: 1
Exception message: C:\Program Files\Calibre2\ebook-device.exe
Exception error type: HResult -2147024894
Exception thrown in called method: System.Diagnostics.FileVersionInfo GetVersionInfo(System.String)
Possible interpretation of the error: File not found when trying to load the program from C:\Program Files\Calibre2\ebook-device.exe
Possible resolution: Not yet known
23:55:46.2795+02:00 - ERROR -  - ------------- END Flow.Launcher.Plugin.Program exception -------------
23:55:46.2795+02:00 - ERROR -  - ------------- BEGIN Flow.Launcher.Plugin.Program exception -------------
23:55:46.2795+02:00 - ERROR -  - 
Exception full name: System.IO.FileNotFoundException
Error status: UNKNOWN
Class name: Win32
Calling method: ExeProgram
Program path: C:\Program Files\Calibre2\ebook-edit.exe
InnerException number: 1
Exception message: C:\Program Files\Calibre2\ebook-edit.exe
Exception error type: HResult -2147024894
Exception thrown in called method: System.Diagnostics.FileVersionInfo GetVersionInfo(System.String)
Possible interpretation of the error: File not found when trying to load the program from C:\Program Files\Calibre2\ebook-edit.exe
Possible resolution: Not yet known
23:55:46.2795+02:00 - ERROR -  - ------------- END Flow.Launcher.Plugin.Program exception -------------
23:55:46.2795+02:00 - ERROR -  - ------------- BEGIN Flow.Launcher.Plugin.Program exception -------------
23:55:46.2795+02:00 - ERROR -  - 
Exception full name: System.IO.FileNotFoundException
Error status: UNKNOWN
Class name: Win32
Calling method: ExeProgram
Program path: C:\Program Files\Calibre2\ebook-meta.exe
InnerException number: 1
Exception message: C:\Program Files\Calibre2\ebook-meta.exe
Exception error type: HResult -2147024894
Exception thrown in called method: System.Diagnostics.FileVersionInfo GetVersionInfo(System.String)
Possible interpretation of the error: File not found when trying to load the program from C:\Program Files\Calibre2\ebook-meta.exe
Possible resolution: Not yet known
23:55:46.2795+02:00 - ERROR -  - ------------- END Flow.Launcher.Plugin.Program exception -------------
23:55:46.2795+02:00 - ERROR -  - ------------- BEGIN Flow.Launcher.Plugin.Program exception -------------
23:55:46.2795+02:00 - ERROR -  - 
Exception full name: System.IO.FileNotFoundException
Error status: UNKNOWN
Class name: Win32
Calling method: ExeProgram
Program path: C:\Program Files\Calibre2\ebook-polish.exe
InnerException number: 1
Exception message: C:\Program Files\Calibre2\ebook-polish.exe
Exception error type: HResult -2147024894
Exception thrown in called method: System.Diagnostics.FileVersionInfo GetVersionInfo(System.String)
Possible interpretation of the error: File not found when trying to load the program from C:\Program Files\Calibre2\ebook-polish.exe
Possible resolution: Not yet known
23:55:46.2795+02:00 - ERROR -  - ------------- END Flow.Launcher.Plugin.Program exception -------------
23:55:46.2795+02:00 - ERROR -  - ------------- BEGIN Flow.Launcher.Plugin.Program exception -------------
23:55:46.2795+02:00 - ERROR -  - 
Exception full name: System.IO.FileNotFoundException
Error status: UNKNOWN
Class name: Win32
Calling method: ExeProgram
Program path: C:\Program Files\Calibre2\ebook-viewer.exe
InnerException number: 1
Exception message: C:\Program Files\Calibre2\ebook-viewer.exe
Exception error type: HResult -2147024894
Exception thrown in called method: System.Diagnostics.FileVersionInfo GetVersionInfo(System.String)
Possible interpretation of the error: File not found when trying to load the program from C:\Program Files\Calibre2\ebook-viewer.exe
Possible resolution: Not yet known
23:55:46.2795+02:00 - ERROR -  - ------------- END Flow.Launcher.Plugin.Program exception -------------
23:55:46.3410+02:00 - ERROR -  - ------------- BEGIN Flow.Launcher.Plugin.Program exception -------------
23:55:46.3410+02:00 - ERROR -  - 
Exception full name: System.IO.FileNotFoundException
Error status: UNKNOWN
Class name: Win32
Calling method: ExeProgram
Program path: C:\Program Files\Everything\Everything.exe
InnerException number: 1
Exception message: C:\Program Files\Everything\Everything.exe
Exception error type: HResult -2147024894
Exception thrown in called method: System.Diagnostics.FileVersionInfo GetVersionInfo(System.String)
Possible interpretation of the error: File not found when trying to load the program from C:\Program Files\Everything\Everything.exe
Possible resolution: Not yet known
23:55:46.3410+02:00 - ERROR -  - ------------- END Flow.Launcher.Plugin.Program exception -------------
23:55:47.9725+02:00 - ERROR -  - ------------- BEGIN Flow.Launcher.Plugin.Program exception -------------
23:55:47.9725+02:00 - ERROR -  - 
Exception full name: System.IO.FileNotFoundException
Error status: UNKNOWN
Class name: Win32
Calling method: ExeProgram
Program path: C:\Program Files\Calibre2\fetch-ebook-metadata.exe
InnerException number: 1
Exception message: C:\Program Files\Calibre2\fetch-ebook-metadata.exe
Exception error type: HResult -2147024894
Exception thrown in called method: System.Diagnostics.FileVersionInfo GetVersionInfo(System.String)
Possible interpretation of the error: File not found when trying to load the program from C:\Program Files\Calibre2\fetch-ebook-metadata.exe
Possible resolution: Not yet known
23:55:47.9725+02:00 - ERROR -  - ------------- END Flow.Launcher.Plugin.Program exception -------------
23:55:47.9725+02:00 - ERROR -  - ------------- BEGIN Flow.Launcher.Plugin.Program exception -------------
23:55:47.9725+02:00 - ERROR -  - 
Exception full name: System.IO.FileNotFoundException
Error status: UNKNOWN
Class name: Win32
Calling method: ExeProgram
Program path: C:\Program Files\Mozilla Firefox\firefox.exe
InnerException number: 1
Exception message: C:\Program Files\Mozilla Firefox\firefox.exe
Exception error type: HResult -2147024894
Exception thrown in called method: System.Diagnostics.FileVersionInfo GetVersionInfo(System.String)
Possible interpretation of the error: File not found when trying to load the program from C:\Program Files\Mozilla Firefox\firefox.exe
Possible resolution: Not yet known
23:55:47.9725+02:00 - ERROR -  - ------------- END Flow.Launcher.Plugin.Program exception -------------
23:55:48.7601+02:00 - ERROR -  - ------------- BEGIN Flow.Launcher.Plugin.Program exception -------------
23:55:48.7601+02:00 - ERROR -  - 
Exception full name: System.IO.FileNotFoundException
Error status: UNKNOWN
Class name: Win32
Calling method: ExeProgram
Program path: C:\Program Files\Calibre2\app\bin\jpegtran-calibre.exe
InnerException number: 1
Exception message: C:\Program Files\Calibre2\app\bin\jpegtran-calibre.exe
Exception error type: HResult -2147024894
Exception thrown in called method: System.Diagnostics.FileVersionInfo GetVersionInfo(System.String)
Possible interpretation of the error: File not found when trying to load the program from C:\Program Files\Calibre2\app\bin\jpegtran-calibre.exe
Possible resolution: Not yet known
23:55:48.7601+02:00 - ERROR -  - ------------- END Flow.Launcher.Plugin.Program exception -------------
23:55:50.0076+02:00 - ERROR -  - ------------- BEGIN Flow.Launcher.Plugin.Program exception -------------
23:55:50.0076+02:00 - ERROR -  - 
Exception full name: System.IO.FileNotFoundException
Error status: UNKNOWN
Class name: Win32
Calling method: ExeProgram
Program path: C:\Program Files\Calibre2\app\bin\JXRDecApp-calibre.exe
InnerException number: 1
Exception message: C:\Program Files\Calibre2\app\bin\JXRDecApp-calibre.exe
Exception error type: HResult -2147024894
Exception thrown in called method: System.Diagnostics.FileVersionInfo GetVersionInfo(System.String)
Possible interpretation of the error: File not found when trying to load the program from C:\Program Files\Calibre2\app\bin\JXRDecApp-calibre.exe
Possible resolution: Not yet known
23:55:50.0076+02:00 - ERROR -  - ------------- END Flow.Launcher.Plugin.Program exception -------------
23:55:50.0093+02:00 - ERROR -  - ------------- BEGIN Flow.Launcher.Plugin.Program exception -------------
23:55:50.0093+02:00 - ERROR -  - 
Exception full name: System.IO.FileNotFoundException
Error status: UNKNOWN
Class name: Win32
Calling method: ExeProgram
Program path: C:\Program Files\LockHunter\lockhunter.exe
InnerException number: 1
Exception message: C:\Program Files\LockHunter\lockhunter.exe
Exception error type: HResult -2147024894
Exception thrown in called method: System.Diagnostics.FileVersionInfo GetVersionInfo(System.String)
Possible interpretation of the error: File not found when trying to load the program from C:\Program Files\LockHunter\lockhunter.exe
Possible resolution: Not yet known
23:55:50.0093+02:00 - ERROR -  - ------------- END Flow.Launcher.Plugin.Program exception -------------
23:55:50.0093+02:00 - ERROR -  - ------------- BEGIN Flow.Launcher.Plugin.Program exception -------------
23:55:50.0093+02:00 - ERROR -  - 
Exception full name: System.IO.FileNotFoundException
Error status: UNKNOWN
Class name: Win32
Calling method: ExeProgram
Program path: C:\Program Files\Calibre2\lrf2lrs.exe
InnerException number: 1
Exception message: C:\Program Files\Calibre2\lrf2lrs.exe
Exception error type: HResult -2147024894
Exception thrown in called method: System.Diagnostics.FileVersionInfo GetVersionInfo(System.String)
Possible interpretation of the error: File not found when trying to load the program from C:\Program Files\Calibre2\lrf2lrs.exe
Possible resolution: Not yet known
23:55:50.0093+02:00 - ERROR -  - ------------- END Flow.Launcher.Plugin.Program exception -------------
23:55:50.0093+02:00 - ERROR -  - ------------- BEGIN Flow.Launcher.Plugin.Program exception -------------
23:55:50.0093+02:00 - ERROR -  - 
Exception full name: System.IO.FileNotFoundException
Error status: UNKNOWN
Class name: Win32
Calling method: ExeProgram
Program path: C:\Program Files\Calibre2\lrfviewer.exe
InnerException number: 1
Exception message: C:\Program Files\Calibre2\lrfviewer.exe
Exception error type: HResult -2147024894
Exception thrown in called method: System.Diagnostics.FileVersionInfo GetVersionInfo(System.String)
Possible interpretation of the error: File not found when trying to load the program from C:\Program Files\Calibre2\lrfviewer.exe
Possible resolution: Not yet known
23:55:50.0093+02:00 - ERROR -  - ------------- END Flow.Launcher.Plugin.Program exception -------------
23:55:50.0093+02:00 - ERROR -  - ------------- BEGIN Flow.Launcher.Plugin.Program exception -------------
23:55:50.0093+02:00 - ERROR -  - 
Exception full name: System.IO.FileNotFoundException
Error status: UNKNOWN
Class name: Win32
Calling method: ExeProgram
Program path: C:\Program Files\Calibre2\lrs2lrf.exe
InnerException number: 1
Exception message: C:\Program Files\Calibre2\lrs2lrf.exe
Exception error type: HResult -2147024894
Exception thrown in called method: System.Diagnostics.FileVersionInfo GetVersionInfo(System.String)
Possible interpretation of the error: File not found when trying to load the program from C:\Program Files\Calibre2\lrs2lrf.exe
Possible resolution: Not yet known
23:55:50.0093+02:00 - ERROR -  - ------------- END Flow.Launcher.Plugin.Program exception -------------
23:55:50.6926+02:00 - ERROR -  - ------------- BEGIN Flow.Launcher.Plugin.Program exception -------------
23:55:50.6926+02:00 - ERROR -  - 
Exception full name: System.IO.FileNotFoundException
Error status: UNKNOWN
Class name: Win32
Calling method: ExeProgram
Program path: C:\Program Files\Calibre2\markdown-calibre.exe
InnerException number: 1
Exception message: C:\Program Files\Calibre2\markdown-calibre.exe
Exception error type: HResult -2147024894
Exception thrown in called method: System.Diagnostics.FileVersionInfo GetVersionInfo(System.String)
Possible interpretation of the error: File not found when trying to load the program from C:\Program Files\Calibre2\markdown-calibre.exe
Possible resolution: Not yet known
23:55:50.6926+02:00 - ERROR -  - ------------- END Flow.Launcher.Plugin.Program exception -------------
23:55:50.7306+02:00 - ERROR -  - ------------- BEGIN Flow.Launcher.Plugin.Program exception -------------
23:55:50.7306+02:00 - ERROR -  - 
Exception full name: System.IO.FileNotFoundException
Error status: UNKNOWN
Class name: Win32
Calling method: ExeProgram
Program path: C:\Program Files\Mountain Duck\Mountain Duck.exe
InnerException number: 1
Exception message: C:\Program Files\Mountain Duck\Mountain Duck.exe
Exception error type: HResult -2147024894
Exception thrown in called method: System.Diagnostics.FileVersionInfo GetVersionInfo(System.String)
Possible interpretation of the error: File not found when trying to load the program from C:\Program Files\Mountain Duck\Mountain Duck.exe
Possible resolution: Not yet known
23:55:50.7306+02:00 - ERROR -  - ------------- END Flow.Launcher.Plugin.Program exception -------------
23:55:51.8508+02:00 - ERROR -  - ------------- BEGIN Flow.Launcher.Plugin.Program exception -------------
23:55:51.8508+02:00 - ERROR -  - 
Exception full name: System.IO.FileNotFoundException
Error status: UNKNOWN
Class name: Win32
Calling method: ExeProgram
Program path: C:\tools\NirLauncher\nirlauncher.exe
InnerException number: 1
Exception message: C:\tools\NirLauncher\nirlauncher.exe
Exception error type: HResult -2147024894
Exception thrown in called method: System.Diagnostics.FileVersionInfo GetVersionInfo(System.String)
Possible interpretation of the error: File not found when trying to load the program from C:\tools\NirLauncher\nirlauncher.exe
Possible resolution: Not yet known
23:55:51.8508+02:00 - ERROR -  - ------------- END Flow.Launcher.Plugin.Program exception -------------
23:55:51.9739+02:00 - ERROR -  - ------------- BEGIN Flow.Launcher.Plugin.Program exception -------------
23:55:51.9739+02:00 - ERROR -  - 
Exception full name: System.IO.FileNotFoundException
Error status: UNKNOWN
Class name: Win32
Calling method: ExeProgram
Program path: C:\Program Files\Calibre2\app\bin\optipng-calibre.exe
InnerException number: 1
Exception message: C:\Program Files\Calibre2\app\bin\optipng-calibre.exe
Exception error type: HResult -2147024894
Exception thrown in called method: System.Diagnostics.FileVersionInfo GetVersionInfo(System.String)
Possible interpretation of the error: File not found when trying to load the program from C:\Program Files\Calibre2\app\bin\optipng-calibre.exe
Possible resolution: Not yet known
23:55:51.9739+02:00 - ERROR -  - ------------- END Flow.Launcher.Plugin.Program exception -------------
23:55:53.0439+02:00 - ERROR -  - ------------- BEGIN Flow.Launcher.Plugin.Program exception -------------
23:55:53.0439+02:00 - ERROR -  - 
Exception full name: System.IO.FileNotFoundException
Error status: UNKNOWN
Class name: Win32
Calling method: ExeProgram
Program path: C:\Program Files\PDFsam Basic\pdfsam.exe
InnerException number: 1
Exception message: C:\Program Files\PDFsam Basic\pdfsam.exe
Exception error type: HResult -2147024894
Exception thrown in called method: System.Diagnostics.FileVersionInfo GetVersionInfo(System.String)
Possible interpretation of the error: File not found when trying to load the program from C:\Program Files\PDFsam Basic\pdfsam.exe
Possible resolution: Not yet known
23:55:53.0439+02:00 - ERROR -  - ------------- END Flow.Launcher.Plugin.Program exception -------------
23:55:53.1453+02:00 - ERROR -  - ------------- BEGIN Flow.Launcher.Plugin.Program exception -------------
23:55:53.1453+02:00 - ERROR -  - 
Exception full name: System.IO.FileNotFoundException
Error status: UNKNOWN
Class name: Win32
Calling method: ExeProgram
Program path: C:\Python27\Python.exe
InnerException number: 1
Exception message: C:\Python27\Python.exe
Exception error type: HResult -2147024894
Exception thrown in called method: System.Diagnostics.FileVersionInfo GetVersionInfo(System.String)
Possible interpretation of the error: File not found when trying to load the program from C:\Python27\Python.exe
Possible resolution: Not yet known
23:55:53.1453+02:00 - ERROR -  - ------------- END Flow.Launcher.Plugin.Program exception -------------
23:55:53.1453+02:00 - ERROR -  - ------------- BEGIN Flow.Launcher.Plugin.Program exception -------------
23:55:53.1453+02:00 - ERROR -  - 
Exception full name: System.IO.FileNotFoundException
Error status: UNKNOWN
Class name: Win32
Calling method: ExeProgram
Program path: C:\Program Files\Calibre2\app\bin\QtWebEngineProcess.exe
InnerException number: 1
Exception message: C:\Program Files\Calibre2\app\bin\QtWebEngineProcess.exe
Exception error type: HResult -2147024894
Exception thrown in called method: System.Diagnostics.FileVersionInfo GetVersionInfo(System.String)
Possible interpretation of the error: File not found when trying to load the program from C:\Program Files\Calibre2\app\bin\QtWebEngineProcess.exe
Possible resolution: Not yet known
23:55:53.1453+02:00 - ERROR -  - ------------- END Flow.Launcher.Plugin.Program exception -------------
23:55:53.2549+02:00 - ERROR -  - ------------- BEGIN Flow.Launcher.Plugin.Program exception -------------
23:55:53.2549+02:00 - ERROR -  - 
Exception full name: System.IO.FileNotFoundException
Error status: UNKNOWN
Class name: Win32
Calling method: ExeProgram
Program path: C:\Program Files\TortoiseSVN\bin\SubWCRev.exe
InnerException number: 1
Exception message: C:\Program Files\TortoiseSVN\bin\SubWCRev.exe
Exception error type: HResult -2147024894
Exception thrown in called method: System.Diagnostics.FileVersionInfo GetVersionInfo(System.String)
Possible interpretation of the error: File not found when trying to load the program from C:\Program Files\TortoiseSVN\bin\SubWCRev.exe
Possible resolution: Not yet known
23:55:53.2549+02:00 - ERROR -  - ------------- END Flow.Launcher.Plugin.Program exception -------------
23:55:53.2549+02:00 - ERROR -  - ------------- BEGIN Flow.Launcher.Plugin.Program exception -------------
23:55:53.2549+02:00 - ERROR -  - 
Exception full name: System.IO.FileNotFoundException
Error status: UNKNOWN
Class name: Win32
Calling method: ExeProgram
Program path: C:\Users\Anvndaren\AppData\Local\SumatraPDF\SumatraPDF.exe
InnerException number: 1
Exception message: C:\Users\Anvndaren\AppData\Local\SumatraPDF\SumatraPDF.exe
Exception error type: HResult -2147024894
Exception thrown in called method: System.Diagnostics.FileVersionInfo GetVersionInfo(System.String)
Possible interpretation of the error: File not found when trying to load the program from C:\Users\Anvndaren\AppData\Local\SumatraPDF\SumatraPDF.exe
Possible resolution: Not yet known
23:55:53.2549+02:00 - ERROR -  - ------------- END Flow.Launcher.Plugin.Program exception -------------
23:55:53.4408+02:00 - ERROR -  - ------------- BEGIN Flow.Launcher.Plugin.Program exception -------------
23:55:53.4408+02:00 - ERROR -  - 
Exception full name: System.IO.FileNotFoundException
Error status: UNKNOWN
Class name: Win32
Calling method: ExeProgram
Program path: C:\Program Files\Waterfox\waterfox.exe
InnerException number: 1
Exception message: C:\Program Files\Waterfox\waterfox.exe
Exception error type: HResult -2147024894
Exception thrown in called method: System.Diagnostics.FileVersionInfo GetVersionInfo(System.String)
Possible interpretation of the error: File not found when trying to load the program from C:\Program Files\Waterfox\waterfox.exe
Possible resolution: Not yet known
23:55:53.4408+02:00 - ERROR -  - ------------- END Flow.Launcher.Plugin.Program exception -------------
23:55:53.4408+02:00 - ERROR -  - ------------- BEGIN Flow.Launcher.Plugin.Program exception -------------
23:55:53.4408+02:00 - ERROR -  - 
Exception full name: System.IO.FileNotFoundException
Error status: UNKNOWN
Class name: Win32
Calling method: ExeProgram
Program path: C:\Program Files\Calibre2\web2disk.exe
InnerException number: 1
Exception message: C:\Program Files\Calibre2\web2disk.exe
Exception error type: HResult -2147024894
Exception thrown in called method: System.Diagnostics.FileVersionInfo GetVersionInfo(System.String)
Possible interpretation of the error: File not found when trying to load the program from C:\Program Files\Calibre2\web2disk.exe
Possible resolution: Not yet known
23:55:53.4408+02:00 - ERROR -  - ------------- END Flow.Launcher.Plugin.Program exception -------------
23:55:53.5747+02:00 - ERROR -  - ------------- BEGIN Flow.Launcher.Plugin.Program exception -------------
23:55:53.5747+02:00 - ERROR -  - 
Exception full name: System.IO.FileNotFoundException
Error status: UNKNOWN
Class name: Win32
Calling method: ExeProgram
Program path: C:\Users\Anvndaren\AppData\Local\Vivaldi\Application\vivaldi.exe
InnerException number: 1
Exception message: C:\Users\Anvndaren\AppData\Local\Vivaldi\Application\vivaldi.exe
Exception error type: HResult -2147024894
Exception thrown in called method: System.Diagnostics.FileVersionInfo GetVersionInfo(System.String)
Possible interpretation of the error: File not found when trying to load the program from C:\Users\Anvndaren\AppData\Local\Vivaldi\Application\vivaldi.exe
Possible resolution: Not yet known
23:55:53.5747+02:00 - ERROR -  - ------------- END Flow.Launcher.Plugin.Program exception -------------
23:55:54.3494+02:00 - ERROR - WindowsIndex.ExecuteWindowsIndexSearchAsync - Failed to execute windows index search query: SELECT TOP 100 "System.FileName", "System.ItemUrl", "System.ItemType" FROM "SystemIndex" WHERE CONTAINS(System.FileName,'"&*" AND "regedit*"',1053) AND scope='file:' ORDER BY System.FileName
EXCEPTION OCCURS: System.Data.OleDb.OleDbException (0x80041605): Unspecified error: -2147215867(0x80041605)
   at void System.Data.OleDb.OleDbCommand.ExecuteCommandTextErrorHandling(OleDbHResult hr)
   at int System.Data.OleDb.OleDbCommand.ExecuteCommandTextForSingleResult(tagDBPARAMS dbParams, out object executeResult)
   at int System.Data.OleDb.OleDbCommand.ExecuteCommandText(out object executeResult)
   at int System.Data.OleDb.OleDbCommand.ExecuteCommand(CommandBehavior behavior, out object executeResult)
   at OleDbDataReader System.Data.OleDb.OleDbCommand.ExecuteReaderInternal(CommandBehavior behavior, string method)
   at OleDbDataReader System.Data.OleDb.OleDbCommand.ExecuteReader(CommandBehavior behavior)
   at DbDataReader System.Data.OleDb.OleDbCommand.ExecuteDbDataReader(CommandBehavior behavior)
   at Task<DbDataReader> System.Data.Common.DbCommand.ExecuteDbDataReaderAsync(CommandBehavior behavior, CancellationToken cancellationToken)
   at async IAsyncEnumerable<SearchResult> Flow.Launcher.Plugin.Explorer.Search.WindowsIndex.WindowsIndex.ExecuteWindowsIndexSearchAsync(string indexQueryString, string connectionString, CancellationToken token)+MoveNext() in C:/projects/flow-launcher/Plugins/Flow.Launcher.Plugin.Explorer/Search/WindowsIndex/WindowsIndex.cs:line 33

23:55:54.9508+02:00 - INFO  - Flow.Launcher.Plugin.Program.Main - Win32Program index cost <14781ms>
23:55:57.4720+02:00 - ERROR - WindowsIndex.ExecuteWindowsIndexSearchAsync - Failed to execute windows index search query: SELECT TOP 100 "System.FileName", "System.ItemUrl", "System.ItemType" FROM "SystemIndex" WHERE CONTAINS(System.FileName,'"&*" AND "regedit*"',1053) AND scope='file:' ORDER BY System.FileName
EXCEPTION OCCURS: System.Data.OleDb.OleDbException (0x80041605): Unspecified error: -2147215867(0x80041605)
   at void System.Data.OleDb.OleDbCommand.ExecuteCommandTextErrorHandling(OleDbHResult hr)
   at int System.Data.OleDb.OleDbCommand.ExecuteCommandTextForSingleResult(tagDBPARAMS dbParams, out object executeResult)
   at int System.Data.OleDb.OleDbCommand.ExecuteCommandText(out object executeResult)
   at int System.Data.OleDb.OleDbCommand.ExecuteCommand(CommandBehavior behavior, out object executeResult)
   at OleDbDataReader System.Data.OleDb.OleDbCommand.ExecuteReaderInternal(CommandBehavior behavior, string method)
   at OleDbDataReader System.Data.OleDb.OleDbCommand.ExecuteReader(CommandBehavior behavior)
   at DbDataReader System.Data.OleDb.OleDbCommand.ExecuteDbDataReader(CommandBehavior behavior)
   at Task<DbDataReader> System.Data.Common.DbCommand.ExecuteDbDataReaderAsync(CommandBehavior behavior, CancellationToken cancellationToken)
   at async IAsyncEnumerable<SearchResult> Flow.Launcher.Plugin.Explorer.Search.WindowsIndex.WindowsIndex.ExecuteWindowsIndexSearchAsync(string indexQueryString, string connectionString, CancellationToken token)+MoveNext() in C:/projects/flow-launcher/Plugins/Flow.Launcher.Plugin.Explorer/Search/WindowsIndex/WindowsIndex.cs:line 33

23:58:11.2435+02:00 - ERROR - WindowsIndex.ExecuteWindowsIndexSearchAsync - Failed to execute windows index search query: SELECT TOP 100 "System.FileName", "System.ItemUrl", "System.ItemType" FROM "SystemIndex" WHERE CONTAINS(System.FileName,'"&*"',1053) AND scope='file:' ORDER BY System.FileName
EXCEPTION OCCURS: System.Data.OleDb.OleDbException (0x80041605): Unspecified error: -2147215867(0x80041605)
   at void System.Data.OleDb.OleDbCommand.ExecuteCommandTextErrorHandling(OleDbHResult hr)
   at int System.Data.OleDb.OleDbCommand.ExecuteCommandTextForSingleResult(tagDBPARAMS dbParams, out object executeResult)
   at int System.Data.OleDb.OleDbCommand.ExecuteCommandText(out object executeResult)
   at int System.Data.OleDb.OleDbCommand.ExecuteCommand(CommandBehavior behavior, out object executeResult)
   at OleDbDataReader System.Data.OleDb.OleDbCommand.ExecuteReaderInternal(CommandBehavior behavior, string method)
   at OleDbDataReader System.Data.OleDb.OleDbCommand.ExecuteReader(CommandBehavior behavior)
   at DbDataReader System.Data.OleDb.OleDbCommand.ExecuteDbDataReader(CommandBehavior behavior)
   at Task<DbDataReader> System.Data.Common.DbCommand.ExecuteDbDataReaderAsync(CommandBehavior behavior, CancellationToken cancellationToken)
   at async IAsyncEnumerable<SearchResult> Flow.Launcher.Plugin.Explorer.Search.WindowsIndex.WindowsIndex.ExecuteWindowsIndexSearchAsync(string indexQueryString, string connectionString, CancellationToken token)+MoveNext() in C:/projects/flow-launcher/Plugins/Flow.Launcher.Plugin.Explorer/Search/WindowsIndex/WindowsIndex.cs:line 71

23:58:11.9104+02:00 - ERROR - WindowsIndex.ExecuteWindowsIndexSearchAsync - Failed to execute windows index search query: SELECT TOP 100 "System.FileName", "System.ItemUrl", "System.ItemType" FROM "SystemIndex" WHERE CONTAINS(System.FileName,'"&*"',1053) AND scope='file:' ORDER BY System.FileName
EXCEPTION OCCURS: System.Data.OleDb.OleDbException (0x80041605): Unspecified error: -2147215867(0x80041605)
   at void System.Data.OleDb.OleDbCommand.ExecuteCommandTextErrorHandling(OleDbHResult hr)
   at int System.Data.OleDb.OleDbCommand.ExecuteCommandTextForSingleResult(tagDBPARAMS dbParams, out object executeResult)
   at int System.Data.OleDb.OleDbCommand.ExecuteCommandText(out object executeResult)
   at int System.Data.OleDb.OleDbCommand.ExecuteCommand(CommandBehavior behavior, out object executeResult)
   at OleDbDataReader System.Data.OleDb.OleDbCommand.ExecuteReaderInternal(CommandBehavior behavior, string method)
   at OleDbDataReader System.Data.OleDb.OleDbCommand.ExecuteReader(CommandBehavior behavior)
   at DbDataReader System.Data.OleDb.OleDbCommand.ExecuteDbDataReader(CommandBehavior behavior)
   at Task<DbDataReader> System.Data.Common.DbCommand.ExecuteDbDataReaderAsync(CommandBehavior behavior, CancellationToken cancellationToken)
   at async IAsyncEnumerable<SearchResult> Flow.Launcher.Plugin.Explorer.Search.WindowsIndex.WindowsIndex.ExecuteWindowsIndexSearchAsync(string indexQueryString, string connectionString, CancellationToken token)+MoveNext() in C:/projects/flow-launcher/Plugins/Flow.Launcher.Plugin.Explorer/Search/WindowsIndex/WindowsIndex.cs:line 71

23:58:12.1965+02:00 - ERROR - WindowsIndex.ExecuteWindowsIndexSearchAsync - Failed to execute windows index search query: SELECT TOP 100 "System.FileName", "System.ItemUrl", "System.ItemType" FROM "SystemIndex" WHERE CONTAINS(System.FileName,'"&*" AND "r*"',1053) AND scope='file:' ORDER BY System.FileName
EXCEPTION OCCURS: System.Data.OleDb.OleDbException (0x80041605): Unspecified error: -2147215867(0x80041605)
   at void System.Data.OleDb.OleDbCommand.ExecuteCommandTextErrorHandling(OleDbHResult hr)
   at int System.Data.OleDb.OleDbCommand.ExecuteCommandTextForSingleResult(tagDBPARAMS dbParams, out object executeResult)
   at int System.Data.OleDb.OleDbCommand.ExecuteCommandText(out object executeResult)
   at int System.Data.OleDb.OleDbCommand.ExecuteCommand(CommandBehavior behavior, out object executeResult)
   at OleDbDataReader System.Data.OleDb.OleDbCommand.ExecuteReaderInternal(CommandBehavior behavior, string method)
   at OleDbDataReader System.Data.OleDb.OleDbCommand.ExecuteReader(CommandBehavior behavior)
   at DbDataReader System.Data.OleDb.OleDbCommand.ExecuteDbDataReader(CommandBehavior behavior)
   at Task<DbDataReader> System.Data.Common.DbCommand.ExecuteDbDataReaderAsync(CommandBehavior behavior, CancellationToken cancellationToken)
   at async IAsyncEnumerable<SearchResult> Flow.Launcher.Plugin.Explorer.Search.WindowsIndex.WindowsIndex.ExecuteWindowsIndexSearchAsync(string indexQueryString, string connectionString, CancellationToken token)+MoveNext() in C:/projects/flow-launcher/Plugins/Flow.Launcher.Plugin.Explorer/Search/WindowsIndex/WindowsIndex.cs:line 71

23:58:12.3471+02:00 - ERROR - WindowsIndex.ExecuteWindowsIndexSearchAsync - Failed to execute windows index search query: SELECT TOP 100 "System.FileName", "System.ItemUrl", "System.ItemType" FROM "SystemIndex" WHERE CONTAINS(System.FileName,'"&*" AND "re*"',1053) AND scope='file:' ORDER BY System.FileName
EXCEPTION OCCURS: System.Data.OleDb.OleDbException (0x80041605): Unspecified error: -2147215867(0x80041605)
   at void System.Data.OleDb.OleDbCommand.ExecuteCommandTextErrorHandling(OleDbHResult hr)
   at int System.Data.OleDb.OleDbCommand.ExecuteCommandTextForSingleResult(tagDBPARAMS dbParams, out object executeResult)
   at int System.Data.OleDb.OleDbCommand.ExecuteCommandText(out object executeResult)
   at int System.Data.OleDb.OleDbCommand.ExecuteCommand(CommandBehavior behavior, out object executeResult)
   at OleDbDataReader System.Data.OleDb.OleDbCommand.ExecuteReaderInternal(CommandBehavior behavior, string method)
   at OleDbDataReader System.Data.OleDb.OleDbCommand.ExecuteReader(CommandBehavior behavior)
   at DbDataReader System.Data.OleDb.OleDbCommand.ExecuteDbDataReader(CommandBehavior behavior)
   at Task<DbDataReader> System.Data.Common.DbCommand.ExecuteDbDataReaderAsync(CommandBehavior behavior, CancellationToken cancellationToken)
   at async IAsyncEnumerable<SearchResult> Flow.Launcher.Plugin.Explorer.Search.WindowsIndex.WindowsIndex.ExecuteWindowsIndexSearchAsync(string indexQueryString, string connectionString, CancellationToken token)+MoveNext() in C:/projects/flow-launcher/Plugins/Flow.Launcher.Plugin.Explorer/Search/WindowsIndex/WindowsIndex.cs:line 71

23:58:12.5652+02:00 - ERROR - WindowsIndex.ExecuteWindowsIndexSearchAsync - Failed to execute windows index search query: SELECT TOP 100 "System.FileName", "System.ItemUrl", "System.ItemType" FROM "SystemIndex" WHERE CONTAINS(System.FileName,'"&*" AND "reg*"',1053) AND scope='file:' ORDER BY System.FileName
EXCEPTION OCCURS: System.Data.OleDb.OleDbException (0x80041605): Unspecified error: -2147215867(0x80041605)
   at void System.Data.OleDb.OleDbCommand.ExecuteCommandTextErrorHandling(OleDbHResult hr)
   at int System.Data.OleDb.OleDbCommand.ExecuteCommandTextForSingleResult(tagDBPARAMS dbParams, out object executeResult)
   at int System.Data.OleDb.OleDbCommand.ExecuteCommandText(out object executeResult)
   at int System.Data.OleDb.OleDbCommand.ExecuteCommand(CommandBehavior behavior, out object executeResult)
   at OleDbDataReader System.Data.OleDb.OleDbCommand.ExecuteReaderInternal(CommandBehavior behavior, string method)
   at OleDbDataReader System.Data.OleDb.OleDbCommand.ExecuteReader(CommandBehavior behavior)
   at DbDataReader System.Data.OleDb.OleDbCommand.ExecuteDbDataReader(CommandBehavior behavior)
   at Task<DbDataReader> System.Data.Common.DbCommand.ExecuteDbDataReaderAsync(CommandBehavior behavior, CancellationToken cancellationToken)
   at async IAsyncEnumerable<SearchResult> Flow.Launcher.Plugin.Explorer.Search.WindowsIndex.WindowsIndex.ExecuteWindowsIndexSearchAsync(string indexQueryString, string connectionString, CancellationToken token)+MoveNext() in C:/projects/flow-launcher/Plugins/Flow.Launcher.Plugin.Explorer/Search/WindowsIndex/WindowsIndex.cs:line 71

23:58:12.6703+02:00 - ERROR - WindowsIndex.ExecuteWindowsIndexSearchAsync - Failed to execute windows index search query: SELECT TOP 100 "System.FileName", "System.ItemUrl", "System.ItemType" FROM "SystemIndex" WHERE CONTAINS(System.FileName,'"&*" AND "rege*"',1053) AND scope='file:' ORDER BY System.FileName
EXCEPTION OCCURS: System.Data.OleDb.OleDbException (0x80041605): Unspecified error: -2147215867(0x80041605)
   at void System.Data.OleDb.OleDbCommand.ExecuteCommandTextErrorHandling(OleDbHResult hr)
   at int System.Data.OleDb.OleDbCommand.ExecuteCommandTextForSingleResult(tagDBPARAMS dbParams, out object executeResult)
   at int System.Data.OleDb.OleDbCommand.ExecuteCommandText(out object executeResult)
   at int System.Data.OleDb.OleDbCommand.ExecuteCommand(CommandBehavior behavior, out object executeResult)
   at OleDbDataReader System.Data.OleDb.OleDbCommand.ExecuteReaderInternal(CommandBehavior behavior, string method)
   at OleDbDataReader System.Data.OleDb.OleDbCommand.ExecuteReader(CommandBehavior behavior)
   at DbDataReader System.Data.OleDb.OleDbCommand.ExecuteDbDataReader(CommandBehavior behavior)
   at Task<DbDataReader> System.Data.Common.DbCommand.ExecuteDbDataReaderAsync(CommandBehavior behavior, CancellationToken cancellationToken)
   at async IAsyncEnumerable<SearchResult> Flow.Launcher.Plugin.Explorer.Search.WindowsIndex.WindowsIndex.ExecuteWindowsIndexSearchAsync(string indexQueryString, string connectionString, CancellationToken token)+MoveNext() in C:/projects/flow-launcher/Plugins/Flow.Launcher.Plugin.Explorer/Search/WindowsIndex/WindowsIndex.cs:line 71

23:58:14.1867+02:00 - ERROR - WindowsIndex.ExecuteWindowsIndexSearchAsync - Failed to execute windows index search query: SELECT TOP 100 "System.FileName", "System.ItemUrl", "System.ItemType" FROM "SystemIndex" WHERE CONTAINS(System.FileName,'"&*" AND "reged*"',1053) AND scope='file:' ORDER BY System.FileName
EXCEPTION OCCURS: System.Data.OleDb.OleDbException (0x80041605): Unspecified error: -2147215867(0x80041605)
   at void System.Data.OleDb.OleDbCommand.ExecuteCommandTextErrorHandling(OleDbHResult hr)
   at int System.Data.OleDb.OleDbCommand.ExecuteCommandTextForSingleResult(tagDBPARAMS dbParams, out object executeResult)
   at int System.Data.OleDb.OleDbCommand.ExecuteCommandText(out object executeResult)
   at int System.Data.OleDb.OleDbCommand.ExecuteCommand(CommandBehavior behavior, out object executeResult)
   at OleDbDataReader System.Data.OleDb.OleDbCommand.ExecuteReaderInternal(CommandBehavior behavior, string method)
   at OleDbDataReader System.Data.OleDb.OleDbCommand.ExecuteReader(CommandBehavior behavior)
   at DbDataReader System.Data.OleDb.OleDbCommand.ExecuteDbDataReader(CommandBehavior behavior)
   at Task<DbDataReader> System.Data.Common.DbCommand.ExecuteDbDataReaderAsync(CommandBehavior behavior, CancellationToken cancellationToken)
   at async IAsyncEnumerable<SearchResult> Flow.Launcher.Plugin.Explorer.Search.WindowsIndex.WindowsIndex.ExecuteWindowsIndexSearchAsync(string indexQueryString, string connectionString, CancellationToken token)+MoveNext() in C:/projects/flow-launcher/Plugins/Flow.Launcher.Plugin.Explorer/Search/WindowsIndex/WindowsIndex.cs:line 71

23:58:14.4524+02:00 - ERROR - WindowsIndex.ExecuteWindowsIndexSearchAsync - Failed to execute windows index search query: SELECT TOP 100 "System.FileName", "System.ItemUrl", "System.ItemType" FROM "SystemIndex" WHERE CONTAINS(System.FileName,'"&*" AND "regedi*"',1053) AND scope='file:' ORDER BY System.FileName
EXCEPTION OCCURS: System.Data.OleDb.OleDbException (0x80041605): Unspecified error: -2147215867(0x80041605)
   at void System.Data.OleDb.OleDbCommand.ExecuteCommandTextErrorHandling(OleDbHResult hr)
   at int System.Data.OleDb.OleDbCommand.ExecuteCommandTextForSingleResult(tagDBPARAMS dbParams, out object executeResult)
   at int System.Data.OleDb.OleDbCommand.ExecuteCommandText(out object executeResult)
   at int System.Data.OleDb.OleDbCommand.ExecuteCommand(CommandBehavior behavior, out object executeResult)
   at OleDbDataReader System.Data.OleDb.OleDbCommand.ExecuteReaderInternal(CommandBehavior behavior, string method)
   at OleDbDataReader System.Data.OleDb.OleDbCommand.ExecuteReader(CommandBehavior behavior)
   at DbDataReader System.Data.OleDb.OleDbCommand.ExecuteDbDataReader(CommandBehavior behavior)
   at Task<DbDataReader> System.Data.Common.DbCommand.ExecuteDbDataReaderAsync(CommandBehavior behavior, CancellationToken cancellationToken)
   at async IAsyncEnumerable<SearchResult> Flow.Launcher.Plugin.Explorer.Search.WindowsIndex.WindowsIndex.ExecuteWindowsIndexSearchAsync(string indexQueryString, string connectionString, CancellationToken token)+MoveNext() in C:/projects/flow-launcher/Plugins/Flow.Launcher.Plugin.Explorer/Search/WindowsIndex/WindowsIndex.cs:line 71

23:58:14.5701+02:00 - ERROR - WindowsIndex.ExecuteWindowsIndexSearchAsync - Failed to execute windows index search query: SELECT TOP 100 "System.FileName", "System.ItemUrl", "System.ItemType" FROM "SystemIndex" WHERE CONTAINS(System.FileName,'"&*" AND "regedit*"',1053) AND scope='file:' ORDER BY System.FileName
EXCEPTION OCCURS: System.Data.OleDb.OleDbException (0x80041605): Unspecified error: -2147215867(0x80041605)
   at void System.Data.OleDb.OleDbCommand.ExecuteCommandTextErrorHandling(OleDbHResult hr)
   at int System.Data.OleDb.OleDbCommand.ExecuteCommandTextForSingleResult(tagDBPARAMS dbParams, out object executeResult)
   at int System.Data.OleDb.OleDbCommand.ExecuteCommandText(out object executeResult)
   at int System.Data.OleDb.OleDbCommand.ExecuteCommand(CommandBehavior behavior, out object executeResult)
   at OleDbDataReader System.Data.OleDb.OleDbCommand.ExecuteReaderInternal(CommandBehavior behavior, string method)
   at OleDbDataReader System.Data.OleDb.OleDbCommand.ExecuteReader(CommandBehavior behavior)
   at DbDataReader System.Data.OleDb.OleDbCommand.ExecuteDbDataReader(CommandBehavior behavior)
   at Task<DbDataReader> System.Data.Common.DbCommand.ExecuteDbDataReaderAsync(CommandBehavior behavior, CancellationToken cancellationToken)
   at async IAsyncEnumerable<SearchResult> Flow.Launcher.Plugin.Explorer.Search.WindowsIndex.WindowsIndex.ExecuteWindowsIndexSearchAsync(string indexQueryString, string connectionString, CancellationToken token)+MoveNext() in C:/projects/flow-launcher/Plugins/Flow.Launcher.Plugin.Explorer/Search/WindowsIndex/WindowsIndex.cs:line 71

23:58:52.9994+02:00 - ERROR -  - ------------- BEGIN Flow.Launcher.Plugin.Program exception -------------
23:58:52.9994+02:00 - ERROR -  - 
Exception full name: System.IO.FileNotFoundException
Error status: KNOWN
Class name: UWP
Calling method: LogoPathFromUri
Program path: C:\Windows\SystemApps\Microsoft.MicrosoftEdge_8wekyb3d8bbwe
InnerException number: 1
Exception message: Unable to find the specified file.
Exception error type: HResult -2147024894
Exception thrown in called method: Not available
Possible interpretation of the error: Microsoft.MicrosoftEdge_8wekyb3d8bbwe!MicrosoftEdge can't find logo uri for Assets\MicrosoftEdgeSquare44x44.png in package location (logo name or directory not found): C:\Windows\SystemApps\Microsoft.MicrosoftEdge_8wekyb3d8bbwe
Possible resolution: Can be ignored and Flow Launcher should still continue, however the program may not be loaded
23:58:52.9994+02:00 - ERROR -  - ------------- END Flow.Launcher.Plugin.Program exception -------------
23:58:52.9994+02:00 - ERROR -  - ------------- BEGIN Flow.Launcher.Plugin.Program exception -------------
23:58:52.9994+02:00 - ERROR -  - 
Exception full name: System.IO.FileNotFoundException
Error status: KNOWN
Class name: UWP
Calling method: LogoPathFromUri
Program path: C:\Windows\SystemApps\Microsoft.MicrosoftEdge_8wekyb3d8bbwe
InnerException number: 1
Exception message: Unable to find the specified file.
Exception error type: HResult -2147024894
Exception thrown in called method: Not available
Possible interpretation of the error: Microsoft.MicrosoftEdge_8wekyb3d8bbwe!MicrosoftEdge can't find logo uri for Assets\MicrosoftEdgeSquare44x44.png in package location (logo name or directory not found): C:\Windows\SystemApps\Microsoft.MicrosoftEdge_8wekyb3d8bbwe
Possible resolution: Can be ignored and Flow Launcher should still continue, however the program may not be loaded
23:58:52.9994+02:00 - ERROR -  - ------------- END Flow.Launcher.Plugin.Program exception -------------
23:58:52.9994+02:00 - ERROR -  - ------------- BEGIN Flow.Launcher.Plugin.Program exception -------------
23:58:52.9994+02:00 - ERROR -  - 
Exception full name: System.IO.FileNotFoundException
Error status: KNOWN
Class name: UWP
Calling method: LogoPathFromUri
Program path: C:\Windows\SystemApps\Microsoft.MicrosoftEdge_8wekyb3d8bbwe
InnerException number: 1
Exception message: Unable to find the specified file.
Exception error type: HResult -2147024894
Exception thrown in called method: Not available
Possible interpretation of the error: Microsoft.MicrosoftEdge_8wekyb3d8bbwe!MicrosoftEdge can't find logo uri for Assets\MicrosoftEdgeSquare44x44.png in package location (logo name or directory not found): C:\Windows\SystemApps\Microsoft.MicrosoftEdge_8wekyb3d8bbwe
Possible resolution: Can be ignored and Flow Launcher should still continue, however the program may not be loaded
23:58:52.9994+02:00 - ERROR -  - ------------- END Flow.Launcher.Plugin.Program exception -------------
23:58:52.9994+02:00 - ERROR -  - ------------- BEGIN Flow.Launcher.Plugin.Program exception -------------
23:58:52.9994+02:00 - ERROR -  - 
Exception full name: System.IO.FileNotFoundException
Error status: KNOWN
Class name: UWP
Calling method: LogoPathFromUri
Program path: C:\Windows\SystemApps\Microsoft.MicrosoftEdge_8wekyb3d8bbwe
InnerException number: 1
Exception message: Unable to find the specified file.
Exception error type: HResult -2147024894
Exception thrown in called method: Not available
Possible interpretation of the error: Microsoft.MicrosoftEdge_8wekyb3d8bbwe!MicrosoftEdge can't find logo uri for Assets\MicrosoftEdgeSquare44x44.png in package location (logo name or directory not found): C:\Windows\SystemApps\Microsoft.MicrosoftEdge_8wekyb3d8bbwe
Possible resolution: Can be ignored and Flow Launcher should still continue, however the program may not be loaded
23:58:52.9994+02:00 - ERROR -  - ------------- END Flow.Launcher.Plugin.Program exception -------------
23:58:54.3551+02:00 - ERROR -  - ------------- BEGIN Flow.Launcher.Plugin.Program exception -------------
23:58:54.3551+02:00 - ERROR -  - 
Exception full name: System.IO.FileNotFoundException
Error status: UNKNOWN
Class name: Win32
Calling method: ExeProgram
Program path: C:\ProgramData\chocolatey\lib\apimonitor\tools\apimonitor-x64.exe
InnerException number: 1
Exception message: C:\ProgramData\chocolatey\lib\apimonitor\tools\apimonitor-x64.exe
Exception error type: HResult -2147024894
Exception thrown in called method: System.Diagnostics.FileVersionInfo GetVersionInfo(System.String)
Possible interpretation of the error: File not found when trying to load the program from C:\ProgramData\chocolatey\lib\apimonitor\tools\apimonitor-x64.exe
Possible resolution: Not yet known
23:58:54.3551+02:00 - ERROR -  - ------------- END Flow.Launcher.Plugin.Program exception -------------
23:58:54.3551+02:00 - ERROR -  - ------------- BEGIN Flow.Launcher.Plugin.Program exception -------------
23:58:54.3551+02:00 - ERROR -  - 
Exception full name: System.IO.FileNotFoundException
Error status: UNKNOWN
Class name: Win32
Calling method: ExeProgram
Program path: C:\ProgramData\chocolatey\lib\apimonitor\tools\apimonitor-x86.exe
InnerException number: 1
Exception message: C:\ProgramData\chocolatey\lib\apimonitor\tools\apimonitor-x86.exe
Exception error type: HResult -2147024894
Exception thrown in called method: System.Diagnostics.FileVersionInfo GetVersionInfo(System.String)
Possible interpretation of the error: File not found when trying to load the program from C:\ProgramData\chocolatey\lib\apimonitor\tools\apimonitor-x86.exe
Possible resolution: Not yet known
23:58:54.3551+02:00 - ERROR -  - ------------- END Flow.Launcher.Plugin.Program exception -------------
23:58:56.9868+02:00 - ERROR -  - ------------- BEGIN Flow.Launcher.Plugin.Program exception -------------
23:58:56.9868+02:00 - ERROR -  - 
Exception full name: System.IO.FileNotFoundException
Error status: UNKNOWN
Class name: Win32
Calling method: ExeProgram
Program path: C:\Program Files\Calibre2\calibre-complete.exe
InnerException number: 1
Exception message: C:\Program Files\Calibre2\calibre-complete.exe
Exception error type: HResult -2147024894
Exception thrown in called method: System.Diagnostics.FileVersionInfo GetVersionInfo(System.String)
Possible interpretation of the error: File not found when trying to load the program from C:\Program Files\Calibre2\calibre-complete.exe
Possible resolution: Not yet known
23:58:56.9868+02:00 - ERROR -  - ------------- END Flow.Launcher.Plugin.Program exception -------------
23:58:56.9868+02:00 - ERROR -  - ------------- BEGIN Flow.Launcher.Plugin.Program exception -------------
23:58:56.9868+02:00 - ERROR -  - 
Exception full name: System.IO.FileNotFoundException
Error status: UNKNOWN
Class name: Win32
Calling method: ExeProgram
Program path: C:\Program Files\Calibre2\calibre-customize.exe
InnerException number: 1
Exception message: C:\Program Files\Calibre2\calibre-customize.exe
Exception error type: HResult -2147024894
Exception thrown in called method: System.Diagnostics.FileVersionInfo GetVersionInfo(System.String)
Possible interpretation of the error: File not found when trying to load the program from C:\Program Files\Calibre2\calibre-customize.exe
Possible resolution: Not yet known
23:58:56.9868+02:00 - ERROR -  - ------------- END Flow.Launcher.Plugin.Program exception -------------
23:58:56.9868+02:00 - ERROR -  - ------------- BEGIN Flow.Launcher.Plugin.Program exception -------------
23:58:56.9868+02:00 - ERROR -  - 
Exception full name: System.IO.FileNotFoundException
Error status: UNKNOWN
Class name: Win32
Calling method: ExeProgram
Program path: C:\Program Files\Calibre2\calibre-debug.exe
InnerException number: 1
Exception message: C:\Program Files\Calibre2\calibre-debug.exe
Exception error type: HResult -2147024894
Exception thrown in called method: System.Diagnostics.FileVersionInfo GetVersionInfo(System.String)
Possible interpretation of the error: File not found when trying to load the program from C:\Program Files\Calibre2\calibre-debug.exe
Possible resolution: Not yet known
23:58:56.9868+02:00 - ERROR -  - ------------- END Flow.Launcher.Plugin.Program exception -------------
23:58:56.9868+02:00 - ERROR -  - ------------- BEGIN Flow.Launcher.Plugin.Program exception -------------
23:58:56.9868+02:00 - ERROR -  - 
Exception full name: System.IO.FileNotFoundException
Error status: UNKNOWN
Class name: Win32
Calling method: ExeProgram
Program path: C:\Program Files\Calibre2\app\bin\calibre-eject.exe
InnerException number: 1
Exception message: C:\Program Files\Calibre2\app\bin\calibre-eject.exe
Exception error type: HResult -2147024894
Exception thrown in called method: System.Diagnostics.FileVersionInfo GetVersionInfo(System.String)
Possible interpretation of the error: File not found when trying to load the program from C:\Program Files\Calibre2\app\bin\calibre-eject.exe
Possible resolution: Not yet known
23:58:56.9868+02:00 - ERROR -  - ------------- END Flow.Launcher.Plugin.Program exception -------------
23:58:56.9868+02:00 - ERROR -  - ------------- BEGIN Flow.Launcher.Plugin.Program exception -------------
23:58:56.9868+02:00 - ERROR -  - 
Exception full name: System.IO.FileNotFoundException
Error status: UNKNOWN
Class name: Win32
Calling method: ExeProgram
Program path: C:\Program Files\Calibre2\app\bin\calibre-file-dialog.exe
InnerException number: 1
Exception message: C:\Program Files\Calibre2\app\bin\calibre-file-dialog.exe
Exception error type: HResult -2147024894
Exception thrown in called method: System.Diagnostics.FileVersionInfo GetVersionInfo(System.String)
Possible interpretation of the error: File not found when trying to load the program from C:\Program Files\Calibre2\app\bin\calibre-file-dialog.exe
Possible resolution: Not yet known
23:58:56.9868+02:00 - ERROR -  - ------------- END Flow.Launcher.Plugin.Program exception -------------
23:58:56.9868+02:00 - ERROR -  - ------------- BEGIN Flow.Launcher.Plugin.Program exception -------------
23:58:56.9868+02:00 - ERROR -  - 
Exception full name: System.IO.FileNotFoundException
Error status: UNKNOWN
Class name: Win32
Calling method: ExeProgram
Program path: C:\Program Files\Calibre2\calibre-parallel.exe
InnerException number: 1
Exception message: C:\Program Files\Calibre2\calibre-parallel.exe
Exception error type: HResult -2147024894
Exception thrown in called method: System.Diagnostics.FileVersionInfo GetVersionInfo(System.String)
Possible interpretation of the error: File not found when trying to load the program from C:\Program Files\Calibre2\calibre-parallel.exe
Possible resolution: Not yet known
23:58:56.9868+02:00 - ERROR -  - ------------- END Flow.Launcher.Plugin.Program exception -------------
23:58:56.9868+02:00 - ERROR -  - ------------- BEGIN Flow.Launcher.Plugin.Program exception -------------
23:58:56.9868+02:00 - ERROR -  - 
Exception full name: System.IO.FileNotFoundException
Error status: UNKNOWN
Class name: Win32
Calling method: ExeProgram
Program path: C:\Program Files\Calibre2\calibre-server.exe
InnerException number: 1
Exception message: C:\Program Files\Calibre2\calibre-server.exe
Exception error type: HResult -2147024894
Exception thrown in called method: System.Diagnostics.FileVersionInfo GetVersionInfo(System.String)
Possible interpretation of the error: File not found when trying to load the program from C:\Program Files\Calibre2\calibre-server.exe
Possible resolution: Not yet known
23:58:56.9868+02:00 - ERROR -  - ------------- END Flow.Launcher.Plugin.Program exception -------------
23:58:56.9868+02:00 - ERROR -  - ------------- BEGIN Flow.Launcher.Plugin.Program exception -------------
23:58:56.9868+02:00 - ERROR -  - 
Exception full name: System.IO.FileNotFoundException
Error status: UNKNOWN
Class name: Win32
Calling method: ExeProgram
Program path: C:\Program Files\Calibre2\calibre-smtp.exe
InnerException number: 1
Exception message: C:\Program Files\Calibre2\calibre-smtp.exe
Exception error type: HResult -2147024894
Exception thrown in called method: System.Diagnostics.FileVersionInfo GetVersionInfo(System.String)
Possible interpretation of the error: File not found when trying to load the program from C:\Program Files\Calibre2\calibre-smtp.exe
Possible resolution: Not yet known
23:58:56.9868+02:00 - ERROR -  - ------------- END Flow.Launcher.Plugin.Program exception -------------
23:58:56.9868+02:00 - ERROR -  - ------------- BEGIN Flow.Launcher.Plugin.Program exception -------------
23:58:56.9868+02:00 - ERROR -  - 
Exception full name: System.IO.FileNotFoundException
Error status: UNKNOWN
Class name: Win32
Calling method: ExeProgram
Program path: C:\Program Files\Calibre2\calibre.exe
InnerException number: 1
Exception message: C:\Program Files\Calibre2\calibre.exe
Exception error type: HResult -2147024894
Exception thrown in called method: System.Diagnostics.FileVersionInfo GetVersionInfo(System.String)
Possible interpretation of the error: File not found when trying to load the program from C:\Program Files\Calibre2\calibre.exe
Possible resolution: Not yet known
23:58:56.9868+02:00 - ERROR -  - ------------- END Flow.Launcher.Plugin.Program exception -------------
23:58:56.9868+02:00 - ERROR -  - ------------- BEGIN Flow.Launcher.Plugin.Program exception -------------
23:58:56.9868+02:00 - ERROR -  - 
Exception full name: System.IO.FileNotFoundException
Error status: UNKNOWN
Class name: Win32
Calling method: ExeProgram
Program path: C:\Program Files\Calibre2\calibredb.exe
InnerException number: 1
Exception message: C:\Program Files\Calibre2\calibredb.exe
Exception error type: HResult -2147024894
Exception thrown in called method: System.Diagnostics.FileVersionInfo GetVersionInfo(System.String)
Possible interpretation of the error: File not found when trying to load the program from C:\Program Files\Calibre2\calibredb.exe
Possible resolution: Not yet known
23:58:56.9868+02:00 - ERROR -  - ------------- END Flow.Launcher.Plugin.Program exception -------------
23:58:56.9868+02:00 - ERROR -  - ------------- BEGIN Flow.Launcher.Plugin.Program exception -------------
23:58:56.9868+02:00 - ERROR -  - 
Exception full name: System.IO.FileNotFoundException
Error status: UNKNOWN
Class name: Win32
Calling method: ExeProgram
Program path: C:\Program Files\Calibre2\app\bin\cjpeg-calibre.exe
InnerException number: 1
Exception message: C:\Program Files\Calibre2\app\bin\cjpeg-calibre.exe
Exception error type: HResult -2147024894
Exception thrown in called method: System.Diagnostics.FileVersionInfo GetVersionInfo(System.String)
Possible interpretation of the error: File not found when trying to load the program from C:\Program Files\Calibre2\app\bin\cjpeg-calibre.exe
Possible resolution: Not yet known
23:58:56.9868+02:00 - ERROR -  - ------------- END Flow.Launcher.Plugin.Program exception -------------
23:58:56.9868+02:00 - ERROR -  - ------------- BEGIN Flow.Launcher.Plugin.Program exception -------------
23:58:56.9868+02:00 - ERROR -  - 
Exception full name: System.IO.FileNotFoundException
Error status: UNKNOWN
Class name: Win32
Calling method: ExeProgram
Program path: Cyberduck.exe
InnerException number: 1
Exception message: C:\ProgramData\scoop\apps\flow-launcher\1.15.0\Cyberduck.exe
Exception error type: HResult -2147024894
Exception thrown in called method: System.Diagnostics.FileVersionInfo GetVersionInfo(System.String)
Possible interpretation of the error: File not found when trying to load the program from Cyberduck.exe
Possible resolution: Not yet known
23:58:56.9868+02:00 - ERROR -  - ------------- END Flow.Launcher.Plugin.Program exception -------------
23:58:57.0239+02:00 - ERROR -  - ------------- BEGIN Flow.Launcher.Plugin.Program exception -------------
23:58:57.0239+02:00 - ERROR -  - 
Exception full name: System.IO.FileNotFoundException
Error status: UNKNOWN
Class name: Win32
Calling method: ExeProgram
Program path: C:\Program Files\Dolphin\Dolphin.exe
InnerException number: 1
Exception message: C:\Program Files\Dolphin\Dolphin.exe
Exception error type: HResult -2147024894
Exception thrown in called method: System.Diagnostics.FileVersionInfo GetVersionInfo(System.String)
Possible interpretation of the error: File not found when trying to load the program from C:\Program Files\Dolphin\Dolphin.exe
Possible resolution: Not yet known
23:58:57.0239+02:00 - ERROR -  - ------------- END Flow.Launcher.Plugin.Program exception -------------
23:58:57.0239+02:00 - ERROR -  - ------------- BEGIN Flow.Launcher.Plugin.Program exception -------------
23:58:57.0239+02:00 - ERROR -  - 
Exception full name: System.IO.FileNotFoundException
Error status: UNKNOWN
Class name: Win32
Calling method: ExeProgram
Program path: C:\Program Files\Calibre2\ebook-convert.exe
InnerException number: 1
Exception message: C:\Program Files\Calibre2\ebook-convert.exe
Exception error type: HResult -2147024894
Exception thrown in called method: System.Diagnostics.FileVersionInfo GetVersionInfo(System.String)
Possible interpretation of the error: File not found when trying to load the program from C:\Program Files\Calibre2\ebook-convert.exe
Possible resolution: Not yet known
23:58:57.0239+02:00 - ERROR -  - ------------- END Flow.Launcher.Plugin.Program exception -------------
23:58:57.0239+02:00 - ERROR -  - ------------- BEGIN Flow.Launcher.Plugin.Program exception -------------
23:58:57.0239+02:00 - ERROR -  - 
Exception full name: System.IO.FileNotFoundException
Error status: UNKNOWN
Class name: Win32
Calling method: ExeProgram
Program path: C:\Program Files\Calibre2\ebook-device.exe
InnerException number: 1
Exception message: C:\Program Files\Calibre2\ebook-device.exe
Exception error type: HResult -2147024894
Exception thrown in called method: System.Diagnostics.FileVersionInfo GetVersionInfo(System.String)
Possible interpretation of the error: File not found when trying to load the program from C:\Program Files\Calibre2\ebook-device.exe
Possible resolution: Not yet known
23:58:57.0239+02:00 - ERROR -  - ------------- END Flow.Launcher.Plugin.Program exception -------------
23:58:57.0239+02:00 - ERROR -  - ------------- BEGIN Flow.Launcher.Plugin.Program exception -------------
23:58:57.0244+02:00 - ERROR -  - 
Exception full name: System.IO.FileNotFoundException
Error status: UNKNOWN
Class name: Win32
Calling method: ExeProgram
Program path: C:\Program Files\Calibre2\ebook-edit.exe
InnerException number: 1
Exception message: C:\Program Files\Calibre2\ebook-edit.exe
Exception error type: HResult -2147024894
Exception thrown in called method: System.Diagnostics.FileVersionInfo GetVersionInfo(System.String)
Possible interpretation of the error: File not found when trying to load the program from C:\Program Files\Calibre2\ebook-edit.exe
Possible resolution: Not yet known
23:58:57.0244+02:00 - ERROR -  - ------------- END Flow.Launcher.Plugin.Program exception -------------
23:58:57.0244+02:00 - ERROR -  - ------------- BEGIN Flow.Launcher.Plugin.Program exception -------------
23:58:57.0244+02:00 - ERROR -  - 
Exception full name: System.IO.FileNotFoundException
Error status: UNKNOWN
Class name: Win32
Calling method: ExeProgram
Program path: C:\Program Files\Calibre2\ebook-meta.exe
InnerException number: 1
Exception message: C:\Program Files\Calibre2\ebook-meta.exe
Exception error type: HResult -2147024894
Exception thrown in called method: System.Diagnostics.FileVersionInfo GetVersionInfo(System.String)
Possible interpretation of the error: File not found when trying to load the program from C:\Program Files\Calibre2\ebook-meta.exe
Possible resolution: Not yet known
23:58:57.0244+02:00 - ERROR -  - ------------- END Flow.Launcher.Plugin.Program exception -------------
23:58:57.0244+02:00 - ERROR -  - ------------- BEGIN Flow.Launcher.Plugin.Program exception -------------
23:58:57.0244+02:00 - ERROR -  - 
Exception full name: System.IO.FileNotFoundException
Error status: UNKNOWN
Class name: Win32
Calling method: ExeProgram
Program path: C:\Program Files\Calibre2\ebook-polish.exe
InnerException number: 1
Exception message: C:\Program Files\Calibre2\ebook-polish.exe
Exception error type: HResult -2147024894
Exception thrown in called method: System.Diagnostics.FileVersionInfo GetVersionInfo(System.String)
Possible interpretation of the error: File not found when trying to load the program from C:\Program Files\Calibre2\ebook-polish.exe
Possible resolution: Not yet known
23:58:57.0244+02:00 - ERROR -  - ------------- END Flow.Launcher.Plugin.Program exception -------------
23:58:57.0244+02:00 - ERROR -  - ------------- BEGIN Flow.Launcher.Plugin.Program exception -------------
23:58:57.0244+02:00 - ERROR -  - 
Exception full name: System.IO.FileNotFoundException
Error status: UNKNOWN
Class name: Win32
Calling method: ExeProgram
Program path: C:\Program Files\Calibre2\ebook-viewer.exe
InnerException number: 1
Exception message: C:\Program Files\Calibre2\ebook-viewer.exe
Exception error type: HResult -2147024894
Exception thrown in called method: System.Diagnostics.FileVersionInfo GetVersionInfo(System.String)
Possible interpretation of the error: File not found when trying to load the program from C:\Program Files\Calibre2\ebook-viewer.exe
Possible resolution: Not yet known
23:58:57.0244+02:00 - ERROR -  - ------------- END Flow.Launcher.Plugin.Program exception -------------
23:58:57.0786+02:00 - ERROR -  - ------------- BEGIN Flow.Launcher.Plugin.Program exception -------------
23:58:57.0786+02:00 - ERROR -  - 
Exception full name: System.IO.FileNotFoundException
Error status: UNKNOWN
Class name: Win32
Calling method: ExeProgram
Program path: C:\Program Files\Everything\Everything.exe
InnerException number: 1
Exception message: C:\Program Files\Everything\Everything.exe
Exception error type: HResult -2147024894
Exception thrown in called method: System.Diagnostics.FileVersionInfo GetVersionInfo(System.String)
Possible interpretation of the error: File not found when trying to load the program from C:\Program Files\Everything\Everything.exe
Possible resolution: Not yet known
23:58:57.0786+02:00 - ERROR -  - ------------- END Flow.Launcher.Plugin.Program exception -------------
23:58:57.5793+02:00 - INFO  - Flow.Launcher.Plugin.Program.Main - UWPProgram index cost <5090ms>
23:58:58.4797+02:00 - ERROR -  - ------------- BEGIN Flow.Launcher.Plugin.Program exception -------------
23:58:58.4797+02:00 - ERROR -  - 
Exception full name: System.IO.FileNotFoundException
Error status: UNKNOWN
Class name: Win32
Calling method: ExeProgram
Program path: C:\Program Files\Calibre2\fetch-ebook-metadata.exe
InnerException number: 1
Exception message: C:\Program Files\Calibre2\fetch-ebook-metadata.exe
Exception error type: HResult -2147024894
Exception thrown in called method: System.Diagnostics.FileVersionInfo GetVersionInfo(System.String)
Possible interpretation of the error: File not found when trying to load the program from C:\Program Files\Calibre2\fetch-ebook-metadata.exe
Possible resolution: Not yet known
23:58:58.4797+02:00 - ERROR -  - ------------- END Flow.Launcher.Plugin.Program exception -------------
23:58:58.4797+02:00 - ERROR -  - ------------- BEGIN Flow.Launcher.Plugin.Program exception -------------
23:58:58.4797+02:00 - ERROR -  - 
Exception full name: System.IO.FileNotFoundException
Error status: UNKNOWN
Class name: Win32
Calling method: ExeProgram
Program path: C:\Program Files\Mozilla Firefox\firefox.exe
InnerException number: 1
Exception message: C:\Program Files\Mozilla Firefox\firefox.exe
Exception error type: HResult -2147024894
Exception thrown in called method: System.Diagnostics.FileVersionInfo GetVersionInfo(System.String)
Possible interpretation of the error: File not found when trying to load the program from C:\Program Files\Mozilla Firefox\firefox.exe
Possible resolution: Not yet known
23:58:58.4797+02:00 - ERROR -  - ------------- END Flow.Launcher.Plugin.Program exception -------------
23:58:59.2485+02:00 - ERROR -  - ------------- BEGIN Flow.Launcher.Plugin.Program exception -------------
23:58:59.2485+02:00 - ERROR -  - 
Exception full name: System.IO.FileNotFoundException
Error status: UNKNOWN
Class name: Win32
Calling method: ExeProgram
Program path: C:\Program Files\Calibre2\app\bin\jpegtran-calibre.exe
InnerException number: 1
Exception message: C:\Program Files\Calibre2\app\bin\jpegtran-calibre.exe
Exception error type: HResult -2147024894
Exception thrown in called method: System.Diagnostics.FileVersionInfo GetVersionInfo(System.String)
Possible interpretation of the error: File not found when trying to load the program from C:\Program Files\Calibre2\app\bin\jpegtran-calibre.exe
Possible resolution: Not yet known
23:58:59.2485+02:00 - ERROR -  - ------------- END Flow.Launcher.Plugin.Program exception -------------
23:59:00.4699+02:00 - ERROR -  - ------------- BEGIN Flow.Launcher.Plugin.Program exception -------------
23:59:00.4699+02:00 - ERROR -  - 
Exception full name: System.IO.FileNotFoundException
Error status: UNKNOWN
Class name: Win32
Calling method: ExeProgram
Program path: C:\Program Files\Calibre2\app\bin\JXRDecApp-calibre.exe
InnerException number: 1
Exception message: C:\Program Files\Calibre2\app\bin\JXRDecApp-calibre.exe
Exception error type: HResult -2147024894
Exception thrown in called method: System.Diagnostics.FileVersionInfo GetVersionInfo(System.String)
Possible interpretation of the error: File not found when trying to load the program from C:\Program Files\Calibre2\app\bin\JXRDecApp-calibre.exe
Possible resolution: Not yet known
23:59:00.4699+02:00 - ERROR -  - ------------- END Flow.Launcher.Plugin.Program exception -------------
23:59:00.5061+02:00 - ERROR -  - ------------- BEGIN Flow.Launcher.Plugin.Program exception -------------
23:59:00.5061+02:00 - ERROR -  - 
Exception full name: System.IO.FileNotFoundException
Error status: UNKNOWN
Class name: Win32
Calling method: ExeProgram
Program path: C:\Program Files\LockHunter\lockhunter.exe
InnerException number: 1
Exception message: C:\Program Files\LockHunter\lockhunter.exe
Exception error type: HResult -2147024894
Exception thrown in called method: System.Diagnostics.FileVersionInfo GetVersionInfo(System.String)
Possible interpretation of the error: File not found when trying to load the program from C:\Program Files\LockHunter\lockhunter.exe
Possible resolution: Not yet known
23:59:00.5061+02:00 - ERROR -  - ------------- END Flow.Launcher.Plugin.Program exception -------------
23:59:00.5061+02:00 - ERROR -  - ------------- BEGIN Flow.Launcher.Plugin.Program exception -------------
23:59:00.5061+02:00 - ERROR -  - 
Exception full name: System.IO.FileNotFoundException
Error status: UNKNOWN
Class name: Win32
Calling method: ExeProgram
Program path: C:\Program Files\Calibre2\lrf2lrs.exe
InnerException number: 1
Exception message: C:\Program Files\Calibre2\lrf2lrs.exe
Exception error type: HResult -2147024894
Exception thrown in called method: System.Diagnostics.FileVersionInfo GetVersionInfo(System.String)
Possible interpretation of the error: File not found when trying to load the program from C:\Program Files\Calibre2\lrf2lrs.exe
Possible resolution: Not yet known
23:59:00.5061+02:00 - ERROR -  - ------------- END Flow.Launcher.Plugin.Program exception -------------
23:59:00.5061+02:00 - ERROR -  - ------------- BEGIN Flow.Launcher.Plugin.Program exception -------------
23:59:00.5061+02:00 - ERROR -  - 
Exception full name: System.IO.FileNotFoundException
Error status: UNKNOWN
Class name: Win32
Calling method: ExeProgram
Program path: C:\Program Files\Calibre2\lrfviewer.exe
InnerException number: 1
Exception message: C:\Program Files\Calibre2\lrfviewer.exe
Exception error type: HResult -2147024894
Exception thrown in called method: System.Diagnostics.FileVersionInfo GetVersionInfo(System.String)
Possible interpretation of the error: File not found when trying to load the program from C:\Program Files\Calibre2\lrfviewer.exe
Possible resolution: Not yet known
23:59:00.5061+02:00 - ERROR -  - ------------- END Flow.Launcher.Plugin.Program exception -------------
23:59:00.5061+02:00 - ERROR -  - ------------- BEGIN Flow.Launcher.Plugin.Program exception -------------
23:59:00.5061+02:00 - ERROR -  - 
Exception full name: System.IO.FileNotFoundException
Error status: UNKNOWN
Class name: Win32
Calling method: ExeProgram
Program path: C:\Program Files\Calibre2\lrs2lrf.exe
InnerException number: 1
Exception message: C:\Program Files\Calibre2\lrs2lrf.exe
Exception error type: HResult -2147024894
Exception thrown in called method: System.Diagnostics.FileVersionInfo GetVersionInfo(System.String)
Possible interpretation of the error: File not found when trying to load the program from C:\Program Files\Calibre2\lrs2lrf.exe
Possible resolution: Not yet known
23:59:00.5061+02:00 - ERROR -  - ------------- END Flow.Launcher.Plugin.Program exception -------------
23:59:01.0737+02:00 - ERROR -  - ------------- BEGIN Flow.Launcher.Plugin.Program exception -------------
23:59:01.0737+02:00 - ERROR -  - 
Exception full name: System.IO.FileNotFoundException
Error status: UNKNOWN
Class name: Win32
Calling method: ExeProgram
Program path: C:\Program Files\Calibre2\markdown-calibre.exe
InnerException number: 1
Exception message: C:\Program Files\Calibre2\markdown-calibre.exe
Exception error type: HResult -2147024894
Exception thrown in called method: System.Diagnostics.FileVersionInfo GetVersionInfo(System.String)
Possible interpretation of the error: File not found when trying to load the program from C:\Program Files\Calibre2\markdown-calibre.exe
Possible resolution: Not yet known
23:59:01.0737+02:00 - ERROR -  - ------------- END Flow.Launcher.Plugin.Program exception -------------
23:59:01.0971+02:00 - ERROR -  - ------------- BEGIN Flow.Launcher.Plugin.Program exception -------------
23:59:01.0971+02:00 - ERROR -  - 
Exception full name: System.IO.FileNotFoundException
Error status: UNKNOWN
Class name: Win32
Calling method: ExeProgram
Program path: C:\Program Files\Mountain Duck\Mountain Duck.exe
InnerException number: 1
Exception message: C:\Program Files\Mountain Duck\Mountain Duck.exe
Exception error type: HResult -2147024894
Exception thrown in called method: System.Diagnostics.FileVersionInfo GetVersionInfo(System.String)
Possible interpretation of the error: File not found when trying to load the program from C:\Program Files\Mountain Duck\Mountain Duck.exe
Possible resolution: Not yet known
23:59:01.0971+02:00 - ERROR -  - ------------- END Flow.Launcher.Plugin.Program exception -------------
23:59:02.0299+02:00 - ERROR -  - ------------- BEGIN Flow.Launcher.Plugin.Program exception -------------
23:59:02.0299+02:00 - ERROR -  - 
Exception full name: System.IO.FileNotFoundException
Error status: UNKNOWN
Class name: Win32
Calling method: ExeProgram
Program path: C:\tools\NirLauncher\nirlauncher.exe
InnerException number: 1
Exception message: C:\tools\NirLauncher\nirlauncher.exe
Exception error type: HResult -2147024894
Exception thrown in called method: System.Diagnostics.FileVersionInfo GetVersionInfo(System.String)
Possible interpretation of the error: File not found when trying to load the program from C:\tools\NirLauncher\nirlauncher.exe
Possible resolution: Not yet known
23:59:02.0299+02:00 - ERROR -  - ------------- END Flow.Launcher.Plugin.Program exception -------------
23:59:02.1458+02:00 - ERROR -  - ------------- BEGIN Flow.Launcher.Plugin.Program exception -------------
23:59:02.1458+02:00 - ERROR -  - 
Exception full name: System.IO.FileNotFoundException
Error status: UNKNOWN
Class name: Win32
Calling method: ExeProgram
Program path: C:\Program Files\Calibre2\app\bin\optipng-calibre.exe
InnerException number: 1
Exception message: C:\Program Files\Calibre2\app\bin\optipng-calibre.exe
Exception error type: HResult -2147024894
Exception thrown in called method: System.Diagnostics.FileVersionInfo GetVersionInfo(System.String)
Possible interpretation of the error: File not found when trying to load the program from C:\Program Files\Calibre2\app\bin\optipng-calibre.exe
Possible resolution: Not yet known
23:59:02.1458+02:00 - ERROR -  - ------------- END Flow.Launcher.Plugin.Program exception -------------
23:59:03.1041+02:00 - ERROR -  - ------------- BEGIN Flow.Launcher.Plugin.Program exception -------------
23:59:03.1041+02:00 - ERROR -  - 
Exception full name: System.IO.FileNotFoundException
Error status: UNKNOWN
Class name: Win32
Calling method: ExeProgram
Program path: C:\Program Files\PDFsam Basic\pdfsam.exe
InnerException number: 1
Exception message: C:\Program Files\PDFsam Basic\pdfsam.exe
Exception error type: HResult -2147024894
Exception thrown in called method: System.Diagnostics.FileVersionInfo GetVersionInfo(System.String)
Possible interpretation of the error: File not found when trying to load the program from C:\Program Files\PDFsam Basic\pdfsam.exe
Possible resolution: Not yet known
23:59:03.1041+02:00 - ERROR -  - ------------- END Flow.Launcher.Plugin.Program exception -------------
23:59:03.1994+02:00 - ERROR -  - ------------- BEGIN Flow.Launcher.Plugin.Program exception -------------
23:59:03.1994+02:00 - ERROR -  - 
Exception full name: System.IO.FileNotFoundException
Error status: UNKNOWN
Class name: Win32
Calling method: ExeProgram
Program path: C:\Python27\Python.exe
InnerException number: 1
Exception message: C:\Python27\Python.exe
Exception error type: HResult -2147024894
Exception thrown in called method: System.Diagnostics.FileVersionInfo GetVersionInfo(System.String)
Possible interpretation of the error: File not found when trying to load the program from C:\Python27\Python.exe
Possible resolution: Not yet known
23:59:03.1994+02:00 - ERROR -  - ------------- END Flow.Launcher.Plugin.Program exception -------------
23:59:03.1994+02:00 - ERROR -  - ------------- BEGIN Flow.Launcher.Plugin.Program exception -------------
23:59:03.1994+02:00 - ERROR -  - 
Exception full name: System.IO.FileNotFoundException
Error status: UNKNOWN
Class name: Win32
Calling method: ExeProgram
Program path: C:\Program Files\Calibre2\app\bin\QtWebEngineProcess.exe
InnerException number: 1
Exception message: C:\Program Files\Calibre2\app\bin\QtWebEngineProcess.exe
Exception error type: HResult -2147024894
Exception thrown in called method: System.Diagnostics.FileVersionInfo GetVersionInfo(System.String)
Possible interpretation of the error: File not found when trying to load the program from C:\Program Files\Calibre2\app\bin\QtWebEngineProcess.exe
Possible resolution: Not yet known
23:59:03.1994+02:00 - ERROR -  - ------------- END Flow.Launcher.Plugin.Program exception -------------
23:59:03.8736+02:00 - ERROR -  - ------------- BEGIN Flow.Launcher.Plugin.Program exception -------------
23:59:03.8736+02:00 - ERROR -  - 
Exception full name: System.IO.FileNotFoundException
Error status: UNKNOWN
Class name: Win32
Calling method: ExeProgram
Program path: C:\Program Files\TortoiseSVN\bin\SubWCRev.exe
InnerException number: 1
Exception message: C:\Program Files\TortoiseSVN\bin\SubWCRev.exe
Exception error type: HResult -2147024894
Exception thrown in called method: System.Diagnostics.FileVersionInfo GetVersionInfo(System.String)
Possible interpretation of the error: File not found when trying to load the program from C:\Program Files\TortoiseSVN\bin\SubWCRev.exe
Possible resolution: Not yet known
23:59:03.8736+02:00 - ERROR -  - ------------- END Flow.Launcher.Plugin.Program exception -------------
23:59:03.8736+02:00 - ERROR -  - ------------- BEGIN Flow.Launcher.Plugin.Program exception -------------
23:59:03.8736+02:00 - ERROR -  - 
Exception full name: System.IO.FileNotFoundException
Error status: UNKNOWN
Class name: Win32
Calling method: ExeProgram
Program path: C:\Users\Anvndaren\AppData\Local\SumatraPDF\SumatraPDF.exe
InnerException number: 1
Exception message: C:\Users\Anvndaren\AppData\Local\SumatraPDF\SumatraPDF.exe
Exception error type: HResult -2147024894
Exception thrown in called method: System.Diagnostics.FileVersionInfo GetVersionInfo(System.String)
Possible interpretation of the error: File not found when trying to load the program from C:\Users\Anvndaren\AppData\Local\SumatraPDF\SumatraPDF.exe
Possible resolution: Not yet known
23:59:03.8736+02:00 - ERROR -  - ------------- END Flow.Launcher.Plugin.Program exception -------------
23:59:04.0303+02:00 - ERROR -  - ------------- BEGIN Flow.Launcher.Plugin.Program exception -------------
23:59:04.0303+02:00 - ERROR -  - 
Exception full name: System.IO.FileNotFoundException
Error status: UNKNOWN
Class name: Win32
Calling method: ExeProgram
Program path: C:\Program Files\Waterfox\waterfox.exe
InnerException number: 1
Exception message: C:\Program Files\Waterfox\waterfox.exe
Exception error type: HResult -2147024894
Exception thrown in called method: System.Diagnostics.FileVersionInfo GetVersionInfo(System.String)
Possible interpretation of the error: File not found when trying to load the program from C:\Program Files\Waterfox\waterfox.exe
Possible resolution: Not yet known
23:59:04.0303+02:00 - ERROR -  - ------------- END Flow.Launcher.Plugin.Program exception -------------
23:59:04.0303+02:00 - ERROR -  - ------------- BEGIN Flow.Launcher.Plugin.Program exception -------------
23:59:04.0303+02:00 - ERROR -  - 
Exception full name: System.IO.FileNotFoundException
Error status: UNKNOWN
Class name: Win32
Calling method: ExeProgram
Program path: C:\Program Files\Calibre2\web2disk.exe
InnerException number: 1
Exception message: C:\Program Files\Calibre2\web2disk.exe
Exception error type: HResult -2147024894
Exception thrown in called method: System.Diagnostics.FileVersionInfo GetVersionInfo(System.String)
Possible interpretation of the error: File not found when trying to load the program from C:\Program Files\Calibre2\web2disk.exe
Possible resolution: Not yet known
23:59:04.0303+02:00 - ERROR -  - ------------- END Flow.Launcher.Plugin.Program exception -------------
23:59:04.1302+02:00 - ERROR -  - ------------- BEGIN Flow.Launcher.Plugin.Program exception -------------
23:59:04.1302+02:00 - ERROR -  - 
Exception full name: System.IO.FileNotFoundException
Error status: UNKNOWN
Class name: Win32
Calling method: ExeProgram
Program path: C:\Users\Anvndaren\AppData\Local\Vivaldi\Application\vivaldi.exe
InnerException number: 1
Exception message: C:\Users\Anvndaren\AppData\Local\Vivaldi\Application\vivaldi.exe
Exception error type: HResult -2147024894
Exception thrown in called method: System.Diagnostics.FileVersionInfo GetVersionInfo(System.String)
Possible interpretation of the error: File not found when trying to load the program from C:\Users\Anvndaren\AppData\Local\Vivaldi\Application\vivaldi.exe
Possible resolution: Not yet known
23:59:04.1302+02:00 - ERROR -  - ------------- END Flow.Launcher.Plugin.Program exception -------------
