# JRE version: OpenJDK Runtime Environment JBR-11.0.10.9-1341.41-dcevm (11.0.10+9) (build 11.0.10+9-b1341.41)
# Java VM: Dynamic Code Evolution 64-Bit Server VM JBR-11.0.10.9-1341.41-dcevm (11.0.10+9-b1341.41, mixed mode, tiered, compressed oops, concurrent mark sweep gc, windows-amd64)
Heap:
 par new generation   total 39296K, used 32951K [0x0000000080e00000, 0x00000000838a0000, 0x00000000aa790000)
  eden space 34944K,  91% used [0x0000000080e00000, 0x0000000082d2cbe0, 0x0000000083020000)
  from space 4352K,  23% used [0x0000000083460000, 0x0000000083561100, 0x00000000838a0000)
  to   space 4352K,   0% used [0x0000000083020000, 0x0000000083020000, 0x0000000083460000)
 concurrent mark-sweep generation total 398496K, used 267531K [0x00000000aa790000, 0x00000000c2cb8000, 0x0000000100000000)
 Metaspace       used 301363K, capacity 311606K, committed 311948K, reserved 1320960K
  class space    used 37134K, capacity 41012K, committed 41300K, reserved 1048576K
GC Heap History (20 events):
Event: 159000.843 GC heap before
{Heap before GC invocations=1219 (full 18):
 par new generation   total 39296K, used 35454K [0x0000000080e00000, 0x00000000838a0000, 0x00000000aa790000)
  eden space 34944K, 100% used [0x0000000080e00000, 0x0000000083020000, 0x0000000083020000)
  from space 4352K,  11% used [0x0000000083460000, 0x00000000834dfa78, 0x00000000838a0000)
  to   space 4352K,   0% used [0x0000000083020000, 0x0000000083020000, 0x0000000083460000)
 concurrent mark-sweep generation total 398496K, used 267135K [0x00000000aa790000, 0x00000000c2cb8000, 0x0000000100000000)
 Metaspace       used 301099K, capacity 311225K, committed 311692K, reserved 1320960K
  class space    used 37107K, capacity 40964K, committed 41300K, reserved 1048576K
}
Event: 159000.855 GC heap after
{Heap after GC invocations=1220 (full 18):
 par new generation   total 39296K, used 640K [0x0000000080e00000, 0x00000000838a0000, 0x00000000aa790000)
  eden space 34944K,   0% used [0x0000000080e00000, 0x0000000080e00000, 0x0000000083020000)
  from space 4352K,  14% used [0x0000000083020000, 0x00000000830c0070, 0x0000000083460000)
  to   space 4352K,   0% used [0x0000000083460000, 0x0000000083460000, 0x00000000838a0000)
 concurrent mark-sweep generation total 398496K, used 267135K [0x00000000aa790000, 0x00000000c2cb8000, 0x0000000100000000)
 Metaspace       used 301099K, capacity 311225K, committed 311692K, reserved 1320960K
  class space    used 37107K, capacity 40964K, committed 41300K, reserved 1048576K
}
Event: 161451.321 GC heap before
{Heap before GC invocations=1220 (full 18):
 par new generation   total 39296K, used 35584K [0x0000000080e00000, 0x00000000838a0000, 0x00000000aa790000)
  eden space 34944K, 100% used [0x0000000080e00000, 0x0000000083020000, 0x0000000083020000)
  from space 4352K,  14% used [0x0000000083020000, 0x00000000830c0070, 0x0000000083460000)
  to   space 4352K,   0% used [0x0000000083460000, 0x0000000083460000, 0x00000000838a0000)
 concurrent mark-sweep generation total 398496K, used 267135K [0x00000000aa790000, 0x00000000c2cb8000, 0x0000000100000000)
 Metaspace       used 301103K, capacity 311231K, committed 311692K, reserved 1320960K
  class space    used 37107K, capacity 40965K, committed 41300K, reserved 1048576K
}
Event: 161451.326 GC heap after
{Heap after GC invocations=1221 (full 18):
 par new generation   total 39296K, used 569K [0x0000000080e00000, 0x00000000838a0000, 0x00000000aa790000)
  eden space 34944K,   0% used [0x0000000080e00000, 0x0000000080e00000, 0x0000000083020000)
  from space 4352K,  13% used [0x0000000083460000, 0x00000000834ee4f0, 0x00000000838a0000)
  to   space 4352K,   0% used [0x0000000083020000, 0x0000000083020000, 0x0000000083460000)
 concurrent mark-sweep generation total 398496K, used 267135K [0x00000000aa790000, 0x00000000c2cb8000, 0x0000000100000000)
 Metaspace       used 301103K, capacity 311231K, committed 311692K, reserved 1320960K
  class space    used 37107K, capacity 40965K, committed 41300K, reserved 1048576K
}
Event: 162937.623 GC heap before
{Heap before GC invocations=1221 (full 18):
 par new generation   total 39296K, used 35513K [0x0000000080e00000, 0x00000000838a0000, 0x00000000aa790000)
  eden space 34944K, 100% used [0x0000000080e00000, 0x0000000083020000, 0x0000000083020000)
  from space 4352K,  13% used [0x0000000083460000, 0x00000000834ee4f0, 0x00000000838a0000)
  to   space 4352K,   0% used [0x0000000083020000, 0x0000000083020000, 0x0000000083460000)
 concurrent mark-sweep generation total 398496K, used 267135K [0x00000000aa790000, 0x00000000c2cb8000, 0x0000000100000000)
 Metaspace       used 301152K, capacity 311267K, committed 311692K, reserved 1320960K
  class space    used 37111K, capacity 40971K, committed 41300K, reserved 1048576K
}
Event: 162937.627 GC heap after
{Heap after GC invocations=1222 (full 18):
 par new generation   total 39296K, used 928K [0x0000000080e00000, 0x00000000838a0000, 0x00000000aa790000)
  eden space 34944K,   0% used [0x0000000080e00000, 0x0000000080e00000, 0x0000000083020000)
  from space 4352K,  21% used [0x0000000083020000, 0x00000000831082b8, 0x0000000083460000)
  to   space 4352K,   0% used [0x0000000083460000, 0x0000000083460000, 0x00000000838a0000)
 concurrent mark-sweep generation total 398496K, used 267140K [0x00000000aa790000, 0x00000000c2cb8000, 0x0000000100000000)
 Metaspace       used 301152K, capacity 311267K, committed 311692K, reserved 1320960K
  class space    used 37111K, capacity 40971K, committed 41300K, reserved 1048576K
}
Event: 165689.173 GC heap before
{Heap before GC invocations=1222 (full 18):
 par new generation   total 39296K, used 35872K [0x0000000080e00000, 0x00000000838a0000, 0x00000000aa790000)
  eden space 34944K, 100% used [0x0000000080e00000, 0x0000000083020000, 0x0000000083020000)
  from space 4352K,  21% used [0x0000000083020000, 0x00000000831082b8, 0x0000000083460000)
  to   space 4352K,   0% used [0x0000000083460000, 0x0000000083460000, 0x00000000838a0000)
 concurrent mark-sweep generation total 398496K, used 267140K [0x00000000aa790000, 0x00000000c2cb8000, 0x0000000100000000)
 Metaspace       used 301155K, capacity 311267K, committed 311692K, reserved 1320960K
  class space    used 37111K, capacity 40971K, committed 41300K, reserved 1048576K
}
Event: 165689.254 GC heap after
{Heap after GC invocations=1223 (full 18):
 par new generation   total 39296K, used 441K [0x0000000080e00000, 0x00000000838a0000, 0x00000000aa790000)
  eden space 34944K,   0% used [0x0000000080e00000, 0x0000000080e00000, 0x0000000083020000)
  from space 4352K,  10% used [0x0000000083460000, 0x00000000834ce5c0, 0x00000000838a0000)
  to   space 4352K,   0% used [0x0000000083020000, 0x0000000083020000, 0x0000000083460000)
 concurrent mark-sweep generation total 398496K, used 267497K [0x00000000aa790000, 0x00000000c2cb8000, 0x0000000100000000)
 Metaspace       used 301155K, capacity 311267K, committed 311692K, reserved 1320960K
  class space    used 37111K, capacity 40971K, committed 41300K, reserved 1048576K
}
Event: 168453.129 GC heap before
{Heap before GC invocations=1223 (full 18):
 par new generation   total 39296K, used 35385K [0x0000000080e00000, 0x00000000838a0000, 0x00000000aa790000)
  eden space 34944K, 100% used [0x0000000080e00000, 0x0000000083020000, 0x0000000083020000)
  from space 4352K,  10% used [0x0000000083460000, 0x00000000834ce5c0, 0x00000000838a0000)
  to   space 4352K,   0% used [0x0000000083020000, 0x0000000083020000, 0x0000000083460000)
 concurrent mark-sweep generation total 398496K, used 267497K [0x00000000aa790000, 0x00000000c2cb8000, 0x0000000100000000)
 Metaspace       used 301159K, capacity 311267K, committed 311692K, reserved 1320960K
  class space    used 37111K, capacity 40971K, committed 41300K, reserved 1048576K
}
Event: 168453.143 GC heap after
{Heap after GC invocations=1224 (full 18):
 par new generation   total 39296K, used 136K [0x0000000080e00000, 0x00000000838a0000, 0x00000000aa790000)
  eden space 34944K,   0% used [0x0000000080e00000, 0x0000000080e00000, 0x0000000083020000)
  from space 4352K,   3% used [0x0000000083020000, 0x00000000830420c8, 0x0000000083460000)
  to   space 4352K,   0% used [0x0000000083460000, 0x0000000083460000, 0x00000000838a0000)
 concurrent mark-sweep generation total 398496K, used 267505K [0x00000000aa790000, 0x00000000c2cb8000, 0x0000000100000000)
 Metaspace       used 301159K, capacity 311267K, committed 311692K, reserved 1320960K
  class space    used 37111K, capacity 40971K, committed 41300K, reserved 1048576K
}
Event: 171227.777 GC heap before
{Heap before GC invocations=1224 (full 18):
 par new generation   total 39296K, used 35080K [0x0000000080e00000, 0x00000000838a0000, 0x00000000aa790000)
  eden space 34944K, 100% used [0x0000000080e00000, 0x0000000083020000, 0x0000000083020000)
  from space 4352K,   3% used [0x0000000083020000, 0x00000000830420c8, 0x0000000083460000)
  to   space 4352K,   0% used [0x0000000083460000, 0x0000000083460000, 0x00000000838a0000)
 concurrent mark-sweep generation total 398496K, used 267505K [0x00000000aa790000, 0x00000000c2cb8000, 0x0000000100000000)
 Metaspace       used 301159K, capacity 311267K, committed 311692K, reserved 1320960K
  class space    used 37111K, capacity 40971K, committed 41300K, reserved 1048576K
}
Event: 171227.779 GC heap after
{Heap after GC invocations=1225 (full 18):
 par new generation   total 39296K, used 66K [0x0000000080e00000, 0x00000000838a0000, 0x00000000aa790000)
  eden space 34944K,   0% used [0x0000000080e00000, 0x0000000080e00000, 0x0000000083020000)
  from space 4352K,   1% used [0x0000000083460000, 0x0000000083470988, 0x00000000838a0000)
  to   space 4352K,   0% used [0x0000000083020000, 0x0000000083020000, 0x0000000083460000)
 concurrent mark-sweep generation total 398496K, used 267506K [0x00000000aa790000, 0x00000000c2cb8000, 0x0000000100000000)
 Metaspace       used 301159K, capacity 311267K, committed 311692K, reserved 1320960K
  class space    used 37111K, capacity 40971K, committed 41300K, reserved 1048576K
}
Event: 172939.735 GC heap before
{Heap before GC invocations=1225 (full 18):
 par new generation   total 39296K, used 35010K [0x0000000080e00000, 0x00000000838a0000, 0x00000000aa790000)
  eden space 34944K, 100% used [0x0000000080e00000, 0x0000000083020000, 0x0000000083020000)
  from space 4352K,   1% used [0x0000000083460000, 0x0000000083470988, 0x00000000838a0000)
  to   space 4352K,   0% used [0x0000000083020000, 0x0000000083020000, 0x0000000083460000)
 concurrent mark-sweep generation total 398496K, used 267506K [0x00000000aa790000, 0x00000000c2cb8000, 0x0000000100000000)
 Metaspace       used 301189K, capacity 311300K, committed 311692K, reserved 1320960K
  class space    used 37114K, capacity 40977K, committed 41300K, reserved 1048576K
}
Event: 172940.063 GC heap after
{Heap after GC invocations=1226 (full 18):
 par new generation   total 39296K, used 610K [0x0000000080e00000, 0x00000000838a0000, 0x00000000aa790000)
  eden space 34944K,   0% used [0x0000000080e00000, 0x0000000080e00000, 0x0000000083020000)
  from space 4352K,  14% used [0x0000000083020000, 0x00000000830b88d8, 0x0000000083460000)
  to   space 4352K,   0% used [0x0000000083460000, 0x0000000083460000, 0x00000000838a0000)
 concurrent mark-sweep generation total 398496K, used 267522K [0x00000000aa790000, 0x00000000c2cb8000, 0x0000000100000000)
 Metaspace       used 301189K, capacity 311300K, committed 311692K, reserved 1320960K
  class space    used 37114K, capacity 40977K, committed 41300K, reserved 1048576K
}
Event: 173182.713 GC heap before
{Heap before GC invocations=1226 (full 18):
 par new generation   total 39296K, used 35554K [0x0000000080e00000, 0x00000000838a0000, 0x00000000aa790000)
  eden space 34944K, 100% used [0x0000000080e00000, 0x0000000083020000, 0x0000000083020000)
  from space 4352K,  14% used [0x0000000083020000, 0x00000000830b88d8, 0x0000000083460000)
  to   space 4352K,   0% used [0x0000000083460000, 0x0000000083460000, 0x00000000838a0000)
 concurrent mark-sweep generation total 398496K, used 267522K [0x00000000aa790000, 0x00000000c2cb8000, 0x0000000100000000)
 Metaspace       used 301214K, capacity 311373K, committed 311948K, reserved 1320960K
  class space    used 37115K, capacity 40979K, committed 41300K, reserved 1048576K
}
Event: 173182.727 GC heap after
{Heap after GC invocations=1227 (full 18):
 par new generation   total 39296K, used 1464K [0x0000000080e00000, 0x00000000838a0000, 0x00000000aa790000)
  eden space 34944K,   0% used [0x0000000080e00000, 0x0000000080e00000, 0x0000000083020000)
  from space 4352K,  33% used [0x0000000083460000, 0x00000000835ce3d0, 0x00000000838a0000)
  to   space 4352K,   0% used [0x0000000083020000, 0x0000000083020000, 0x0000000083460000)
 concurrent mark-sweep generation total 398496K, used 267523K [0x00000000aa790000, 0x00000000c2cb8000, 0x0000000100000000)
 Metaspace       used 301214K, capacity 311373K, committed 311948K, reserved 1320960K
  class space    used 37115K, capacity 40979K, committed 41300K, reserved 1048576K
}
Event: 174519.086 GC heap before
{Heap before GC invocations=1227 (full 18):
 par new generation   total 39296K, used 36408K [0x0000000080e00000, 0x00000000838a0000, 0x00000000aa790000)
  eden space 34944K, 100% used [0x0000000080e00000, 0x0000000083020000, 0x0000000083020000)
  from space 4352K,  33% used [0x0000000083460000, 0x00000000835ce3d0, 0x00000000838a0000)
  to   space 4352K,   0% used [0x0000000083020000, 0x0000000083020000, 0x0000000083460000)
 concurrent mark-sweep generation total 398496K, used 267523K [0x00000000aa790000, 0x00000000c2cb8000, 0x0000000100000000)
 Metaspace       used 301327K, capacity 311524K, committed 311948K, reserved 1320960K
  class space    used 37132K, capacity 41009K, committed 41300K, reserved 1048576K
}
Event: 174519.098 GC heap after
{Heap after GC invocations=1228 (full 18):
 par new generation   total 39296K, used 1665K [0x0000000080e00000, 0x00000000838a0000, 0x00000000aa790000)
  eden space 34944K,   0% used [0x0000000080e00000, 0x0000000080e00000, 0x0000000083020000)
  from space 4352K,  38% used [0x0000000083020000, 0x00000000831c07d0, 0x0000000083460000)
  to   space 4352K,   0% used [0x0000000083460000, 0x0000000083460000, 0x00000000838a0000)
 concurrent mark-sweep generation total 398496K, used 267530K [0x00000000aa790000, 0x00000000c2cb8000, 0x0000000100000000)
 Metaspace       used 301327K, capacity 311524K, committed 311948K, reserved 1320960K
  class space    used 37132K, capacity 41009K, committed 41300K, reserved 1048576K
}
Event: 177229.703 GC heap before
{Heap before GC invocations=1228 (full 18):
 par new generation   total 39296K, used 36609K [0x0000000080e00000, 0x00000000838a0000, 0x00000000aa790000)
  eden space 34944K, 100% used [0x0000000080e00000, 0x0000000083020000, 0x0000000083020000)
  from space 4352K,  38% used [0x0000000083020000, 0x00000000831c07d0, 0x0000000083460000)
  to   space 4352K,   0% used [0x0000000083460000, 0x0000000083460000, 0x00000000838a0000)
 concurrent mark-sweep generation total 398496K, used 267530K [0x00000000aa790000, 0x00000000c2cb8000, 0x0000000100000000)
 Metaspace       used 301327K, capacity 311524K, committed 311948K, reserved 1320960K
  class space    used 37132K, capacity 41009K, committed 41300K, reserved 1048576K
}
Event: 177229.706 GC heap after
{Heap after GC invocations=1229 (full 18):
 par new generation   total 39296K, used 1028K [0x0000000080e00000, 0x00000000838a0000, 0x00000000aa790000)
  eden space 34944K,   0% used [0x0000000080e00000, 0x0000000080e00000, 0x0000000083020000)
  from space 4352K,  23% used [0x0000000083460000, 0x0000000083561100, 0x00000000838a0000)
  to   space 4352K,   0% used [0x0000000083020000, 0x0000000083020000, 0x0000000083460000)
 concurrent mark-sweep generation total 398496K, used 267531K [0x00000000aa790000, 0x00000000c2cb8000, 0x0000000100000000)
 Metaspace       used 301327K, capacity 311524K, committed 311948K, reserved 1320960K
  class space    used 37132K, capacity 41009K, committed 41300K, reserved 1048576K
}

